[INFO] Scanning for projects...
[INFO] Inspecting build with total of 1 modules...
[INFO] Installing Nexus Staging features:
[INFO]   ... total of 1 executions of maven-deploy-plugin replaced with nexus-staging-maven-plugin
[INFO]                                                                         
[INFO] ------------------------------------------------------------------------
[INFO] Building Spoon Core 5.9.0-SNAPSHOT
[INFO] ------------------------------------------------------------------------
[INFO] 
[INFO] --- maven-enforcer-plugin:1.4.1:enforce (enforce-maven) @ spoon-core ---
[INFO] Skipping Rule Enforcement.
[INFO] 
[INFO] --- maven-enforcer-plugin:1.4.1:enforce (enforce-bytecode-version) @ spoon-core ---
[INFO] Skipping Rule Enforcement.
[INFO] 
[INFO] --- jacoco-maven-plugin:0.7.5.201505241946:prepare-agent (default) @ spoon-core ---
[INFO] argLine set to -javaagent:/root/./workspace/INRIA/spoon/263026313/.m2/org/jacoco/org.jacoco.agent/0.7.5.201505241946/org.jacoco.agent-0.7.5.201505241946-runtime.jar=destfile=/root/workspace/INRIA/spoon/263026313/target/jacoco.exec
[INFO] 
[INFO] --- maven-resources-plugin:2.6:resources (default-resources) @ spoon-core ---
[INFO] Using 'UTF-8' encoding to copy filtered resources.
[INFO] Copying 3 resources
[INFO] Copying 1 resource
[INFO] 
[INFO] --- maven-compiler-plugin:3.1:compile (default-compile) @ spoon-core ---
[INFO] Changes detected - recompiling the module!
[INFO] Compiling 510 source files to /root/workspace/INRIA/spoon/263026313/target/classes
[WARNING] bootstrap class path not set in conjunction with -source 1.7
[WARNING] /root/workspace/INRIA/spoon/263026313/src/main/java/spoon/support/compiler/jdt/FileCompilerConfig.java:[78,40] closeQuietly(java.io.InputStream) in org.apache.commons.io.IOUtils has been deprecated
[WARNING] /root/workspace/INRIA/spoon/263026313/src/main/java/spoon/support/compiler/jdt/FileCompilerConfig.java:[81,32] closeQuietly(java.io.InputStream) in org.apache.commons.io.IOUtils has been deprecated
[WARNING] /root/workspace/INRIA/spoon/263026313/src/main/java/spoon/reflect/factory/CodeFactory.java: Some input files use unchecked or unsafe operations.
[WARNING] /root/workspace/INRIA/spoon/263026313/src/main/java/spoon/reflect/factory/CodeFactory.java: Recompile with -Xlint:unchecked for details.
[INFO] 
[INFO] --- maven-resources-plugin:2.6:testResources (default-testResources) @ spoon-core ---
[INFO] Using 'UTF-8' encoding to copy filtered resources.
[INFO] Copying 101 resources
[INFO] 
[INFO] --- maven-compiler-plugin:3.1:testCompile (default-testCompile) @ spoon-core ---
[INFO] Nothing to compile - all classes are up to date
[INFO] 
[INFO] --- maven-surefire-plugin:2.19.1:test (default-test) @ spoon-core ---
[INFO] Downloading: https://repo.maven.apache.org/maven2/org/apache/maven/surefire/surefire-junit4/2.19.1/surefire-junit4-2.19.1.pom
[INFO] Downloaded: https://repo.maven.apache.org/maven2/org/apache/maven/surefire/surefire-junit4/2.19.1/surefire-junit4-2.19.1.pom (4 KB at 5.2 KB/sec)
[INFO] Downloading: https://repo.maven.apache.org/maven2/org/apache/maven/surefire/surefire-providers/2.19.1/surefire-providers-2.19.1.pom
[INFO] Downloaded: https://repo.maven.apache.org/maven2/org/apache/maven/surefire/surefire-providers/2.19.1/surefire-providers-2.19.1.pom (3 KB at 49.1 KB/sec)
[INFO] Downloading: https://repo.maven.apache.org/maven2/org/apache/maven/surefire/surefire-junit4/2.19.1/surefire-junit4-2.19.1.jar
[INFO] Downloaded: https://repo.maven.apache.org/maven2/org/apache/maven/surefire/surefire-junit4/2.19.1/surefire-junit4-2.19.1.jar (74 KB at 663.5 KB/sec)

-------------------------------------------------------
 T E S T S
-------------------------------------------------------
Running spoon.testing.CtPackageAssertTest
Tests run: 3, Failures: 0, Errors: 0, Skipped: 0, Time elapsed: 2.727 sec - in spoon.testing.CtPackageAssertTest
Running spoon.testing.CtElementAssertTest
Tests run: 5, Failures: 0, Errors: 0, Skipped: 0, Time elapsed: 1.471 sec - in spoon.testing.CtElementAssertTest
Running spoon.testing.AbstractAssertTest
Tests run: 4, Failures: 0, Errors: 0, Skipped: 0, Time elapsed: 0.588 sec - in spoon.testing.AbstractAssertTest
Running spoon.testing.FileAssertTest
Tests run: 2, Failures: 0, Errors: 0, Skipped: 0, Time elapsed: 0.187 sec - in spoon.testing.FileAssertTest
Running spoon.reflect.visitor.CtScannerTest
Tests run: 2, Failures: 0, Errors: 0, Skipped: 0, Time elapsed: 14.582 sec - in spoon.reflect.visitor.CtScannerTest
Running spoon.reflect.visitor.CtVisitorTest
Tests run: 1, Failures: 0, Errors: 0, Skipped: 0, Time elapsed: 1.437 sec - in spoon.reflect.visitor.CtVisitorTest
Running spoon.reflect.visitor.CtInheritanceScannerTest
Tests run: 73, Failures: 0, Errors: 0, Skipped: 0, Time elapsed: 1.149 sec - in spoon.reflect.visitor.CtInheritanceScannerTest
Running spoon.reflect.visitor.CtInheritanceScannerMethodsTest
Tests run: 1, Failures: 0, Errors: 0, Skipped: 0, Time elapsed: 1.738 sec - in spoon.reflect.visitor.CtInheritanceScannerMethodsTest
Running spoon.reflect.declaration.CtTypeInformationTest
Tests run: 3, Failures: 0, Errors: 0, Skipped: 0, Time elapsed: 0.875 sec - in spoon.reflect.declaration.CtTypeInformationTest
Running spoon.reflect.declaration.UnknownDeclarationTest
Tests run: 1, Failures: 0, Errors: 0, Skipped: 0, Time elapsed: 0.046 sec - in spoon.reflect.declaration.UnknownDeclarationTest
Running spoon.reflect.ast.CloneTest
Tests run: 2, Failures: 0, Errors: 0, Skipped: 0, Time elapsed: 10.542 sec - in spoon.reflect.ast.CloneTest
Running spoon.reflect.ast.AstCheckerTest
Tests run: 2, Failures: 0, Errors: 0, Skipped: 0, Time elapsed: 8.294 sec - in spoon.reflect.ast.AstCheckerTest
Running spoon.test.invocations.InvocationTest
Tests run: 2, Failures: 0, Errors: 0, Skipped: 0, Time elapsed: 0.13 sec - in spoon.test.invocations.InvocationTest
Running spoon.test.secondaryclasses.ClassesTest
Tests run: 6, Failures: 0, Errors: 0, Skipped: 0, Time elapsed: 0.566 sec - in spoon.test.secondaryclasses.ClassesTest
Running spoon.test.replace.ReplaceParametrizedTest
Tests run: 73, Failures: 0, Errors: 0, Skipped: 0, Time elapsed: 3.546 sec - in spoon.test.replace.ReplaceParametrizedTest
Running spoon.test.replace.ReplaceTest
Tests run: 17, Failures: 0, Errors: 0, Skipped: 0, Time elapsed: 1.127 sec - in spoon.test.replace.ReplaceTest
Running spoon.test.compilationunit.GetBinaryFilesTest
Tests run: 5, Failures: 0, Errors: 0, Skipped: 0, Time elapsed: 0.509 sec - in spoon.test.compilationunit.GetBinaryFilesTest
Running spoon.test.visibility.VisibilityTest
Tests run: 5, Failures: 0, Errors: 0, Skipped: 0, Time elapsed: 0.842 sec - in spoon.test.visibility.VisibilityTest
Running spoon.test.compilation.CompilationTest
>> Hello: Bar <<
>> Hello: FooEx <<
>> Hello: IBar <<
>> Hello: SimpleProcessor <<
Tests run: 11, Failures: 0, Errors: 0, Skipped: 0, Time elapsed: 4.915 sec - in spoon.test.compilation.CompilationTest
Running spoon.test.variable.AccessFullyQualifiedFieldTest
Tests run: 9, Failures: 0, Errors: 0, Skipped: 0, Time elapsed: 1.261 sec - in spoon.test.variable.AccessFullyQualifiedFieldTest
Running spoon.test.variable.AccessTest
Tests run: 8, Failures: 0, Errors: 0, Skipped: 0, Time elapsed: 0.479 sec - in spoon.test.variable.AccessTest
Running spoon.test.snippets.SnippetTest
Tests run: 6, Failures: 0, Errors: 0, Skipped: 0, Time elapsed: 0.402 sec - in spoon.test.snippets.SnippetTest
Running spoon.test.initializers.InitializerTest
Tests run: 2, Failures: 0, Errors: 0, Skipped: 0, Time elapsed: 0.123 sec - in spoon.test.initializers.InitializerTest
Running spoon.test.factory.TypeFactoryTest
Tests run: 3, Failures: 0, Errors: 0, Skipped: 0, Time elapsed: 0.097 sec - in spoon.test.factory.TypeFactoryTest
Running spoon.test.factory.CodeFactoryTest
Tests run: 1, Failures: 0, Errors: 0, Skipped: 0, Time elapsed: 0 sec - in spoon.test.factory.CodeFactoryTest
Running spoon.test.factory.AnnotationFactoryTest
Tests run: 1, Failures: 0, Errors: 0, Skipped: 0, Time elapsed: 0.042 sec - in spoon.test.factory.AnnotationFactoryTest
Running spoon.test.factory.FactoryTest
Tests run: 6, Failures: 0, Errors: 0, Skipped: 0, Time elapsed: 1.705 sec - in spoon.test.factory.FactoryTest
Running spoon.test.factory.ClassFactoryTest
Tests run: 2, Failures: 0, Errors: 0, Skipped: 0, Time elapsed: 0.001 sec - in spoon.test.factory.ClassFactoryTest
Running spoon.test.factory.FieldFactoryTest
Tests run: 2, Failures: 0, Errors: 0, Skipped: 0, Time elapsed: 0.153 sec - in spoon.test.factory.FieldFactoryTest
Running spoon.test.factory.ConstructorFactoryTest
Tests run: 2, Failures: 0, Errors: 0, Skipped: 0, Time elapsed: 0.049 sec - in spoon.test.factory.ConstructorFactoryTest
Running spoon.test.factory.ExecutableFactoryTest
Tests run: 1, Failures: 0, Errors: 0, Skipped: 0, Time elapsed: 0 sec - in spoon.test.factory.ExecutableFactoryTest
Running spoon.test.properties.PropertiesTest
Tests run: 1, Failures: 0, Errors: 0, Skipped: 0, Time elapsed: 0.061 sec - in spoon.test.properties.PropertiesTest
Running spoon.test.methodreference.MethodReferenceTest
Tests run: 13, Failures: 0, Errors: 0, Skipped: 0, Time elapsed: 1.754 sec - in spoon.test.methodreference.MethodReferenceTest
Running spoon.test.eval.EvalTest
Tests run: 4, Failures: 0, Errors: 0, Skipped: 0, Time elapsed: 0.389 sec - in spoon.test.eval.EvalTest
Running spoon.test.api.APITest
Tests run: 14, Failures: 0, Errors: 0, Skipped: 0, Time elapsed: 20.497 sec - in spoon.test.api.APITest
Running spoon.test.api.FileSystemFolderTest
Tests run: 2, Failures: 0, Errors: 0, Skipped: 0, Time elapsed: 0.003 sec - in spoon.test.api.FileSystemFolderTest
Running spoon.test.api.MetamodelTest
Tests run: 3, Failures: 0, Errors: 0, Skipped: 0, Time elapsed: 2.225 sec - in spoon.test.api.MetamodelTest
Running spoon.test.api.NoClasspathTest
Tests run: 3, Failures: 0, Errors: 0, Skipped: 0, Time elapsed: 0.097 sec - in spoon.test.api.NoClasspathTest
Running spoon.test.template.TemplateArrayAccessTest
Tests run: 2, Failures: 0, Errors: 0, Skipped: 0, Time elapsed: 0.114 sec - in spoon.test.template.TemplateArrayAccessTest
Running spoon.test.template.TemplateClassAccessTest
Tests run: 1, Failures: 0, Errors: 0, Skipped: 0, Time elapsed: 0.084 sec - in spoon.test.template.TemplateClassAccessTest
Running spoon.test.template.TemplateReplaceReturnTest
Tests run: 1, Failures: 0, Errors: 0, Skipped: 0, Time elapsed: 0.1 sec - in spoon.test.template.TemplateReplaceReturnTest
Running spoon.test.template.TemplateEnumAccessTest
Tests run: 1, Failures: 0, Errors: 0, Skipped: 0, Time elapsed: 0.096 sec - in spoon.test.template.TemplateEnumAccessTest
Running spoon.test.template.TemplateTest
Tests run: 19, Failures: 0, Errors: 0, Skipped: 0, Time elapsed: 2.282 sec - in spoon.test.template.TemplateTest
Running spoon.test.template.TemplateInvocationSubstitutionTest
Tests run: 2, Failures: 0, Errors: 0, Skipped: 0, Time elapsed: 0.118 sec - in spoon.test.template.TemplateInvocationSubstitutionTest
Running spoon.test.parent.ParentContractTest
Tests run: 61, Failures: 0, Errors: 0, Skipped: 0, Time elapsed: 0.746 sec - in spoon.test.parent.ParentContractTest
Running spoon.test.parent.NullParentTest
Tests run: 8, Failures: 0, Errors: 0, Skipped: 0, Time elapsed: 0.538 sec - in spoon.test.parent.NullParentTest
Running spoon.test.parent.ParentTest
Tests run: 11, Failures: 0, Errors: 0, Skipped: 1, Time elapsed: 1.058 sec - in spoon.test.parent.ParentTest
Running spoon.test.parent.TopLevelTypeTest
Tests run: 1, Failures: 0, Errors: 0, Skipped: 0, Time elapsed: 0.065 sec - in spoon.test.parent.TopLevelTypeTest
Running spoon.test.executable.ExecutableTest
Tests run: 3, Failures: 0, Errors: 0, Skipped: 0, Time elapsed: 0.126 sec - in spoon.test.executable.ExecutableTest
Running spoon.test.executable.ExecutableRefTest
Tests run: 5, Failures: 0, Errors: 0, Skipped: 0, Time elapsed: 0.285 sec - in spoon.test.executable.ExecutableRefTest
Running spoon.test.varargs.VarArgsTest
Tests run: 1, Failures: 0, Errors: 0, Skipped: 0, Time elapsed: 0.05 sec - in spoon.test.varargs.VarArgsTest
Running spoon.test.pkg.PackageTest
Tests run: 4, Failures: 0, Errors: 0, Skipped: 0, Time elapsed: 0.387 sec - in spoon.test.pkg.PackageTest
Running spoon.test.comment.CommentTest
Tests run: 15, Failures: 1, Errors: 0, Skipped: 0, Time elapsed: 17.14 sec <<< FAILURE! - in spoon.test.comment.CommentTest
testWildComments(spoon.test.comment.CommentTest)  Time elapsed: 0.139 sec  <<< FAILURE!
org.junit.ComparisonFailure: (/root/workspace/INRIA/spoon/263026313/src/test/java/spoon/test/comment/testclasses/WildComments.java:10) expected:<[/* test single line comments with nested * and */ and **/]> but was:<[test single line comments with nested * and */ and]>
	at spoon.test.comment.CommentTest.testWildComments(CommentTest.java:882)

Running spoon.test.constructor.ConstructorTest
Tests run: 6, Failures: 0, Errors: 0, Skipped: 0, Time elapsed: 0.415 sec - in spoon.test.constructor.ConstructorTest
Running spoon.test.loop.LoopTest
Tests run: 2, Failures: 0, Errors: 0, Skipped: 0, Time elapsed: 0.104 sec - in spoon.test.loop.LoopTest
Running spoon.test.exceptions.ExceptionTest
Tests run: 6, Failures: 0, Errors: 0, Skipped: 0, Time elapsed: 0.296 sec - in spoon.test.exceptions.ExceptionTest
Running spoon.test.enums.EnumsTest
Tests run: 4, Failures: 0, Errors: 0, Skipped: 0, Time elapsed: 0.188 sec - in spoon.test.enums.EnumsTest
Running spoon.test.intercession.insertBefore.InsertMethodsTest
Tests run: 9, Failures: 0, Errors: 0, Skipped: 0, Time elapsed: 0.78 sec - in spoon.test.intercession.insertBefore.InsertMethodsTest
Running spoon.test.intercession.IntercessionContractTest
Tests run: 94, Failures: 0, Errors: 0, Skipped: 0, Time elapsed: 0.343 sec - in spoon.test.intercession.IntercessionContractTest
Running spoon.test.intercession.RemoveTest
Tests run: 1, Failures: 0, Errors: 0, Skipped: 0, Time elapsed: 0.052 sec - in spoon.test.intercession.RemoveTest
Running spoon.test.intercession.IntercessionTest
Tests run: 8, Failures: 0, Errors: 0, Skipped: 1, Time elapsed: 4.239 sec - in spoon.test.intercession.IntercessionTest
Running spoon.test.literal.LiteralTest
Tests run: 5, Failures: 0, Errors: 0, Skipped: 0, Time elapsed: 0.793 sec - in spoon.test.literal.LiteralTest
Running spoon.test.targeted.TargetedExpressionTest
Tests run: 17, Failures: 0, Errors: 0, Skipped: 0, Time elapsed: 0.967 sec - in spoon.test.targeted.TargetedExpressionTest
Running spoon.test.sourcePosition.SourcePositionTest
Tests run: 1, Failures: 0, Errors: 0, Skipped: 0, Time elapsed: 0.079 sec - in spoon.test.sourcePosition.SourcePositionTest
Running spoon.test.type.TypeTest
Tests run: 12, Failures: 0, Errors: 0, Skipped: 0, Time elapsed: 0.701 sec - in spoon.test.type.TypeTest
Running spoon.test.architecture.SpoonArchitectureEnforcerTest
Tests run: 6, Failures: 0, Errors: 0, Skipped: 0, Time elapsed: 16.551 sec - in spoon.test.architecture.SpoonArchitectureEnforcerTest
Running spoon.test.signature.SignatureTest
Tests run: 8, Failures: 0, Errors: 0, Skipped: 0, Time elapsed: 0.685 sec - in spoon.test.signature.SignatureTest
Running spoon.test.path.PathTest
Tests run: 6, Failures: 0, Errors: 0, Skipped: 0, Time elapsed: 0.287 sec - in spoon.test.path.PathTest
Running spoon.test.arrays.ArraysTest
Tests run: 4, Failures: 0, Errors: 0, Skipped: 0, Time elapsed: 0.261 sec - in spoon.test.arrays.ArraysTest
Running spoon.test.staticFieldAccess.StaticAccessTest
Tests run: 2, Failures: 0, Errors: 0, Skipped: 0, Time elapsed: 0.134 sec - in spoon.test.staticFieldAccess.StaticAccessTest
Running spoon.test.delete.DeleteTest
Tests run: 14, Failures: 0, Errors: 0, Skipped: 0, Time elapsed: 0.601 sec - in spoon.test.delete.DeleteTest
Running spoon.test.staticFieldAccess2.ImplicitStaticFieldReferenceTest
Tests run: 16, Failures: 0, Errors: 0, Skipped: 0, Time elapsed: 1.452 sec - in spoon.test.staticFieldAccess2.ImplicitStaticFieldReferenceTest
Running spoon.test.imports.ImportTest
Tests run: 38, Failures: 0, Errors: 0, Skipped: 0, Time elapsed: 4.35 sec - in spoon.test.imports.ImportTest
Running spoon.test.imports.ImportAndExtendWithPackageNameTest
Tests run: 1, Failures: 0, Errors: 0, Skipped: 0, Time elapsed: 0.039 sec - in spoon.test.imports.ImportAndExtendWithPackageNameTest
Running spoon.test.imports.ImportScannerTest
Tests run: 5, Failures: 0, Errors: 0, Skipped: 0, Time elapsed: 0.173 sec - in spoon.test.imports.ImportScannerTest
Running spoon.test.generics.GenericsTest
Tests run: 40, Failures: 0, Errors: 0, Skipped: 0, Time elapsed: 2.945 sec - in spoon.test.generics.GenericsTest
Running spoon.test.reflect.visitor.ReferenceQueryTest
Tests run: 1, Failures: 0, Errors: 0, Skipped: 0, Time elapsed: 0.047 sec - in spoon.test.reflect.visitor.ReferenceQueryTest
Running spoon.test.interfaces.InterfaceTest
Tests run: 6, Failures: 0, Errors: 0, Skipped: 0, Time elapsed: 0.275 sec - in spoon.test.interfaces.InterfaceTest
Running spoon.test.ctClass.CtClassTest
Tests run: 6, Failures: 0, Errors: 0, Skipped: 0, Time elapsed: 2.658 sec - in spoon.test.ctClass.CtClassTest
Running spoon.test.ctCase.SwitchCaseTest
Tests run: 2, Failures: 0, Errors: 0, Skipped: 0, Time elapsed: 0.077 sec - in spoon.test.ctCase.SwitchCaseTest
Running spoon.test.fieldaccesses.FieldAccessTest
Tests run: 16, Failures: 0, Errors: 0, Skipped: 0, Time elapsed: 0.749 sec - in spoon.test.fieldaccesses.FieldAccessTest
Running spoon.test.labels.TestLabels
Tests run: 1, Failures: 0, Errors: 0, Skipped: 0, Time elapsed: 0.044 sec - in spoon.test.labels.TestLabels
Running spoon.test.visitor.VisitorTest
Tests run: 1, Failures: 0, Errors: 0, Skipped: 0, Time elapsed: 0.052 sec - in spoon.test.visitor.VisitorTest
Running spoon.test.parameters.ParameterTest
Tests run: 3, Failures: 0, Errors: 0, Skipped: 0, Time elapsed: 0.226 sec - in spoon.test.parameters.ParameterTest
Running spoon.test.annotation.AnnotationLoopTest
Tests run: 1, Failures: 0, Errors: 0, Skipped: 0, Time elapsed: 0.043 sec - in spoon.test.annotation.AnnotationLoopTest
Running spoon.test.annotation.AnnotationValuesTest
Tests run: 6, Failures: 0, Errors: 0, Skipped: 0, Time elapsed: 0.159 sec - in spoon.test.annotation.AnnotationValuesTest
Running spoon.test.annotation.AnnotationTest
Tests run: 41, Failures: 0, Errors: 0, Skipped: 0, Time elapsed: 4.322 sec - in spoon.test.annotation.AnnotationTest
Running spoon.test.javadoc.JavaDocTest
Tests run: 2, Failures: 0, Errors: 0, Skipped: 0, Time elapsed: 0.091 sec - in spoon.test.javadoc.JavaDocTest
Running spoon.test.condition.ConditionalTest
Tests run: 4, Failures: 0, Errors: 0, Skipped: 0, Time elapsed: 0.167 sec - in spoon.test.condition.ConditionalTest
Running spoon.test.method_overriding.MethodOverriddingTest
Tests run: 2, Failures: 0, Errors: 0, Skipped: 0, Time elapsed: 0.108 sec - in spoon.test.method_overriding.MethodOverriddingTest
Running spoon.test.trycatch.TryCatchTest
Tests run: 9, Failures: 0, Errors: 0, Skipped: 0, Time elapsed: 0.443 sec - in spoon.test.trycatch.TryCatchTest
Running spoon.test.ctBodyHolder.CtBodyHolderTest
Tests run: 6, Failures: 0, Errors: 0, Skipped: 0, Time elapsed: 0.338 sec - in spoon.test.ctBodyHolder.CtBodyHolderTest
Running spoon.test.reference.AnnotationFieldReferenceTest
Tests run: 1, Failures: 0, Errors: 0, Skipped: 0, Time elapsed: 0.043 sec - in spoon.test.reference.AnnotationFieldReferenceTest
Running spoon.test.reference.CloneReferenceTest
Tests run: 2, Failures: 0, Errors: 0, Skipped: 0, Time elapsed: 0.1 sec - in spoon.test.reference.CloneReferenceTest
Running spoon.test.reference.ExecutableReferenceGenericTest
Tests run: 12, Failures: 0, Errors: 0, Skipped: 0, Time elapsed: 0.765 sec - in spoon.test.reference.ExecutableReferenceGenericTest
Running spoon.test.reference.ExecutableReferenceTest
Tests run: 6, Failures: 0, Errors: 0, Skipped: 0, Time elapsed: 0.33 sec - in spoon.test.reference.ExecutableReferenceTest
Running spoon.test.reference.TypeReferenceTest
Tests run: 27, Failures: 0, Errors: 0, Skipped: 0, Time elapsed: 1.155 sec - in spoon.test.reference.TypeReferenceTest
Running spoon.test.reference.VariableAccessTest
Tests run: 10, Failures: 0, Errors: 0, Skipped: 0, Time elapsed: 0.485 sec - in spoon.test.reference.VariableAccessTest
Running spoon.test.comparison.EqualTest
Tests run: 4, Failures: 0, Errors: 0, Skipped: 0, Time elapsed: 0.197 sec - in spoon.test.comparison.EqualTest
Running spoon.test.position.PositionTest
Tests run: 10, Failures: 0, Errors: 0, Skipped: 0, Time elapsed: 0.387 sec - in spoon.test.position.PositionTest
Running spoon.test.control.ControlTest
Tests run: 2, Failures: 0, Errors: 0, Skipped: 0, Time elapsed: 0.085 sec - in spoon.test.control.ControlTest
Running spoon.test.processing.ProcessingTest
Tests run: 5, Failures: 0, Errors: 0, Skipped: 0, Time elapsed: 0.092 sec - in spoon.test.processing.ProcessingTest
Running spoon.test.ctElement.MetadataTest
Tests run: 1, Failures: 0, Errors: 0, Skipped: 0, Time elapsed: 0.038 sec - in spoon.test.ctElement.MetadataTest
Running spoon.test.ctElement.ElementTest
Tests run: 1, Failures: 0, Errors: 0, Skipped: 0, Time elapsed: 0.005 sec - in spoon.test.ctElement.ElementTest
Running spoon.test.main.MainTest
Tests run: 6, Failures: 0, Errors: 0, Skipped: 0, Time elapsed: 58.046 sec - in spoon.test.main.MainTest
Running spoon.test.field.FieldTest
Tests run: 4, Failures: 0, Errors: 0, Skipped: 0, Time elapsed: 0.125 sec - in spoon.test.field.FieldTest
Running spoon.test.OutputTypeTest
Tests run: 1, Failures: 0, Errors: 0, Skipped: 0, Time elapsed: 0 sec - in spoon.test.OutputTypeTest
Running spoon.test.method.MethodTest
Tests run: 4, Failures: 0, Errors: 0, Skipped: 0, Time elapsed: 0.15 sec - in spoon.test.method.MethodTest
Running spoon.test.logging.LogTest
2018-12-10 15:16:20,648 DEBUG spoon.Launcher - output: spooned
2018-12-10 15:16:20,653 DEBUG spoon.Launcher - destination: /root/workspace/INRIA/spoon/263026313/spooned-classes
2018-12-10 15:16:20,653 DEBUG spoon.Launcher - source classpath: null
2018-12-10 15:16:20,653 DEBUG spoon.Launcher - template classpath: []
2018-12-10 15:16:20,654 INFO spoon.Launcher - Log info
2018-12-10 15:16:20,655 WARN spoon.Launcher - Log warn
2018-12-10 15:16:20,655 ERROR spoon.Launcher - Log error
2018-12-10 15:16:20,655 DEBUG spoon.Launcher - Log debug
2018-12-10 15:16:20,656 DEBUG spoon.Launcher - output: spooned
2018-12-10 15:16:20,657 DEBUG spoon.Launcher - destination: /root/workspace/INRIA/spoon/263026313/spooned-classes
2018-12-10 15:16:20,657 DEBUG spoon.Launcher - source classpath: null
2018-12-10 15:16:20,657 DEBUG spoon.Launcher - template classpath: []
2018-12-10 15:16:20,661 INFO spoon.Launcher - Log info
2018-12-10 15:16:20,662 WARN spoon.Launcher - Log warn
2018-12-10 15:16:20,662 ERROR spoon.Launcher - Log error
2018-12-10 15:16:20,662 DEBUG spoon.Launcher - Log debug
2018-12-10 15:16:20,664 INFO spoon.Launcher - Log info
2018-12-10 15:16:20,664 WARN spoon.Launcher - Log warn
2018-12-10 15:16:20,665 ERROR spoon.Launcher - Log error
2018-12-10 15:16:20,667 WARN spoon.Launcher - Log warn
2018-12-10 15:16:20,668 ERROR spoon.Launcher - Log error
2018-12-10 15:16:20,669 ERROR spoon.Launcher - Log error
Tests run: 6, Failures: 0, Errors: 0, Skipped: 0, Time elapsed: 0.033 sec - in spoon.test.logging.LogTest
Running spoon.test.limits.utils.InternalTest
Tests run: 2, Failures: 0, Errors: 0, Skipped: 0, Time elapsed: 0.123 sec - in spoon.test.limits.utils.InternalTest
Running spoon.test.ctType.CtTypeParameterTest
Tests run: 2, Failures: 0, Errors: 0, Skipped: 0, Time elapsed: 0.187 sec - in spoon.test.ctType.CtTypeParameterTest
Running spoon.test.ctType.CtTypeTest
Tests run: 8, Failures: 0, Errors: 0, Skipped: 0, Time elapsed: 0.467 sec - in spoon.test.ctType.CtTypeTest
Running spoon.test.query_function.VariableReferencesTest
2018-12-10 15:16:21,464 INFO spoon.Launcher - Spoon version 5.9.0-SNAPSHOT
2018-12-10 15:16:21,464 INFO spoon.Launcher - running Spoon...
2018-12-10 15:16:21,465 INFO spoon.Launcher - start processing...
2018-12-10 15:16:21,519 INFO spoon.Launcher - end of processing: 
2018-12-10 15:16:21,520 INFO spoon.Launcher - no errors, no warnings
2018-12-10 15:16:21,604 INFO spoon.Launcher - Spoon version 5.9.0-SNAPSHOT
2018-12-10 15:16:21,604 INFO spoon.Launcher - running Spoon...
2018-12-10 15:16:21,605 INFO spoon.Launcher - start processing...
2018-12-10 15:16:21,658 INFO spoon.Launcher - end of processing: 
2018-12-10 15:16:21,659 INFO spoon.Launcher - no errors, no warnings
2018-12-10 15:16:21,842 INFO spoon.Launcher - Spoon version 5.9.0-SNAPSHOT
2018-12-10 15:16:21,843 INFO spoon.Launcher - running Spoon...
2018-12-10 15:16:21,843 INFO spoon.Launcher - start processing...
2018-12-10 15:16:21,897 INFO spoon.Launcher - end of processing: 
2018-12-10 15:16:21,898 INFO spoon.Launcher - no errors, no warnings
2018-12-10 15:16:21,944 INFO spoon.Launcher - Spoon version 5.9.0-SNAPSHOT
2018-12-10 15:16:21,945 INFO spoon.Launcher - running Spoon...
2018-12-10 15:16:21,945 INFO spoon.Launcher - start processing...
2018-12-10 15:16:22,000 INFO spoon.Launcher - end of processing: 
2018-12-10 15:16:22,001 INFO spoon.Launcher - no errors, no warnings
2018-12-10 15:16:22,136 INFO spoon.Launcher - Spoon version 5.9.0-SNAPSHOT
2018-12-10 15:16:22,136 INFO spoon.Launcher - running Spoon...
2018-12-10 15:16:22,137 INFO spoon.Launcher - start processing...
2018-12-10 15:16:22,193 INFO spoon.Launcher - end of processing: 
2018-12-10 15:16:22,193 INFO spoon.Launcher - no errors, no warnings
2018-12-10 15:16:22,246 INFO spoon.Launcher - Spoon version 5.9.0-SNAPSHOT
2018-12-10 15:16:22,247 INFO spoon.Launcher - running Spoon...
2018-12-10 15:16:22,247 INFO spoon.Launcher - start processing...
2018-12-10 15:16:22,302 INFO spoon.Launcher - end of processing: 
2018-12-10 15:16:22,303 INFO spoon.Launcher - no errors, no warnings
2018-12-10 15:16:22,359 INFO spoon.Launcher - Spoon version 5.9.0-SNAPSHOT
2018-12-10 15:16:22,359 INFO spoon.Launcher - running Spoon...
2018-12-10 15:16:22,360 INFO spoon.Launcher - start processing...
2018-12-10 15:16:22,415 INFO spoon.Launcher - end of processing: 
2018-12-10 15:16:22,416 INFO spoon.Launcher - no errors, no warnings
Tests run: 7, Failures: 0, Errors: 0, Skipped: 0, Time elapsed: 1.149 sec - in spoon.test.query_function.VariableReferencesTest
Running spoon.test.query_function.VariableReferencesModelTest
Tests run: 15, Failures: 0, Errors: 0, Skipped: 0, Time elapsed: 0.018 sec - in spoon.test.query_function.VariableReferencesModelTest
Running spoon.test.ctBlock.TestCtBlock
Tests run: 3, Failures: 0, Errors: 0, Skipped: 0, Time elapsed: 0.125 sec - in spoon.test.ctBlock.TestCtBlock
Running spoon.test.constructorcallnewclass.ConstructorCallTest
Tests run: 6, Failures: 0, Errors: 0, Skipped: 0, Time elapsed: 0.33 sec - in spoon.test.constructorcallnewclass.ConstructorCallTest
Running spoon.test.constructorcallnewclass.NewClassTest
Tests run: 7, Failures: 0, Errors: 0, Skipped: 0, Time elapsed: 0.616 sec - in spoon.test.constructorcallnewclass.NewClassTest
Running spoon.test.strings.StringTest
Tests run: 1, Failures: 0, Errors: 0, Skipped: 0, Time elapsed: 0.041 sec - in spoon.test.strings.StringTest
Running spoon.test.strings.StringLiteralTest
Tests run: 1, Failures: 0, Errors: 0, Skipped: 0, Time elapsed: 0.044 sec - in spoon.test.strings.StringLiteralTest
Running spoon.test.lambda.LambdaTest
Tests run: 22, Failures: 0, Errors: 0, Skipped: 0, Time elapsed: 1.857 sec - in spoon.test.lambda.LambdaTest
Running spoon.test.refactoring.CtRenameLocalVariableRefactoringTest
Tests run: 4, Failures: 0, Errors: 0, Skipped: 0, Time elapsed: 11.421 sec - in spoon.test.refactoring.CtRenameLocalVariableRefactoringTest
Running spoon.test.refactoring.MethodsRefactoringTest
Tests run: 5, Failures: 0, Errors: 0, Skipped: 0, Time elapsed: 1.247 sec - in spoon.test.refactoring.MethodsRefactoringTest
Running spoon.test.refactoring.RefactoringTest
Tests run: 4, Failures: 0, Errors: 0, Skipped: 0, Time elapsed: 0.695 sec - in spoon.test.refactoring.RefactoringTest
Running spoon.test.support.ResourceTest
Tests run: 4, Failures: 0, Errors: 0, Skipped: 0, Time elapsed: 0.183 sec - in spoon.test.support.ResourceTest
Running spoon.test.prettyprinter.QualifiedThisRefTest
Tests run: 3, Failures: 0, Errors: 0, Skipped: 0, Time elapsed: 0.207 sec - in spoon.test.prettyprinter.QualifiedThisRefTest
Running spoon.test.prettyprinter.LinesTest
Tests run: 2, Failures: 0, Errors: 0, Skipped: 0, Time elapsed: 0.212 sec - in spoon.test.prettyprinter.LinesTest
Running spoon.test.prettyprinter.PrinterTest
Tests run: 7, Failures: 0, Errors: 0, Skipped: 0, Time elapsed: 1.517 sec - in spoon.test.prettyprinter.PrinterTest
Running spoon.test.prettyprinter.DefaultPrettyPrinterTest
Tests run: 11, Failures: 0, Errors: 1, Skipped: 0, Time elapsed: 0.555 sec <<< FAILURE! - in spoon.test.prettyprinter.DefaultPrettyPrinterTest
testIssue1501(spoon.test.prettyprinter.DefaultPrettyPrinterTest)  Time elapsed: 0.062 sec  <<< ERROR!
spoon.SpoonException: 
spoon.SpoonException: Printing of spoon.support.reflect.code.CtFieldReadImpl on path 
	CtPackageImpl:org
	CtPackageImpl:ethack
	CtPackageImpl:orwall
	CtClassImpl:PreferencesActivity
	CtClassImpl:NetworkPrefs
	CtFieldImpl:listener
	CtNewClassImpl
	CtClassImpl:1
	CtMethodImpl:onSharedPreferenceChanged
	CtBlockImpl
	CtIfImpl
	CtBlockImpl
	CtInvocationImpl
	CtFieldReadImpl:PARAM_ACTIVATE
at position (/root/workspace/INRIA/spoon/263026313/src/test/resources/noclasspath/orwall/PreferencesActivity.java:126) failed
	at spoon.test.prettyprinter.DefaultPrettyPrinterTest.testIssue1501(DefaultPrettyPrinterTest.java:305)
Caused by: spoon.SpoonException: 
Printing of spoon.support.reflect.code.CtFieldReadImpl on path 
	CtPackageImpl:org
	CtPackageImpl:ethack
	CtPackageImpl:orwall
	CtClassImpl:PreferencesActivity
	CtClassImpl:NetworkPrefs
	CtFieldImpl:listener
	CtNewClassImpl
	CtClassImpl:1
	CtMethodImpl:onSharedPreferenceChanged
	CtBlockImpl
	CtIfImpl
	CtBlockImpl
	CtInvocationImpl
	CtFieldReadImpl:PARAM_ACTIVATE
at position (/root/workspace/INRIA/spoon/263026313/src/test/resources/noclasspath/orwall/PreferencesActivity.java:126) failed
	at spoon.test.prettyprinter.DefaultPrettyPrinterTest.testIssue1501(DefaultPrettyPrinterTest.java:305)
Caused by: java.lang.NullPointerException

Running spoon.test.jdtimportbuilder.ImportBuilderTest
Tests run: 6, Failures: 0, Errors: 0, Skipped: 0, Time elapsed: 0.241 sec - in spoon.test.jdtimportbuilder.ImportBuilderTest
Running spoon.test.serializable.SerializableTest
Tests run: 3, Failures: 0, Errors: 0, Skipped: 0, Time elapsed: 0.218 sec - in spoon.test.serializable.SerializableTest
Running spoon.test.casts.CastTest
Tests run: 5, Failures: 0, Errors: 0, Skipped: 0, Time elapsed: 0.226 sec - in spoon.test.casts.CastTest
Running spoon.test.jar.JarTest
Tests run: 3, Failures: 0, Errors: 0, Skipped: 0, Time elapsed: 0.12 sec - in spoon.test.jar.JarTest
Running spoon.test.model.TypeTest
Tests run: 8, Failures: 0, Errors: 0, Skipped: 0, Time elapsed: 0.349 sec - in spoon.test.model.TypeTest
Running spoon.test.model.SwitchCaseTest
Tests run: 2, Failures: 0, Errors: 0, Skipped: 0, Time elapsed: 0.075 sec - in spoon.test.model.SwitchCaseTest
Running spoon.test.model.AnonymousExecutableTest
Tests run: 1, Failures: 0, Errors: 0, Skipped: 0, Time elapsed: 0.042 sec - in spoon.test.model.AnonymousExecutableTest
Running spoon.test.model.BlockTest
Tests run: 2, Failures: 0, Errors: 0, Skipped: 0, Time elapsed: 0.078 sec - in spoon.test.model.BlockTest
Running spoon.test.filters.CUFilterTest
Tests run: 3, Failures: 0, Errors: 0, Skipped: 0, Time elapsed: 0.111 sec - in spoon.test.filters.CUFilterTest
Running spoon.test.filters.FilterTest
2018-12-10 15:16:43,249 INFO spoon.Launcher - Spoon version 5.9.0-SNAPSHOT
2018-12-10 15:16:43,249 INFO spoon.Launcher - running Spoon...
2018-12-10 15:16:43,249 INFO spoon.Launcher - start processing...
2018-12-10 15:16:43,293 INFO spoon.Launcher - end of processing: 
2018-12-10 15:16:43,293 INFO spoon.Launcher - no errors, no warnings
2018-12-10 15:16:43,501 INFO spoon.Launcher - Spoon version 5.9.0-SNAPSHOT
2018-12-10 15:16:43,501 INFO spoon.Launcher - running Spoon...
2018-12-10 15:16:43,503 INFO spoon.Launcher - start processing...
2018-12-10 15:16:43,549 INFO spoon.Launcher - end of processing: 
2018-12-10 15:16:43,549 INFO spoon.Launcher - no errors, no warnings
2018-12-10 15:16:43,875 INFO spoon.Launcher - Spoon version 5.9.0-SNAPSHOT
2018-12-10 15:16:43,875 INFO spoon.Launcher - running Spoon...
2018-12-10 15:16:43,875 INFO spoon.Launcher - start processing...
2018-12-10 15:16:43,919 INFO spoon.Launcher - end of processing: 
2018-12-10 15:16:43,919 INFO spoon.Launcher - no errors, no warnings
2018-12-10 15:16:44,127 INFO spoon.Launcher - Spoon version 5.9.0-SNAPSHOT
2018-12-10 15:16:44,127 INFO spoon.Launcher - running Spoon...
2018-12-10 15:16:44,128 INFO spoon.Launcher - start processing...
2018-12-10 15:16:44,172 INFO spoon.Launcher - end of processing: 
2018-12-10 15:16:44,173 INFO spoon.Launcher - no errors, no warnings
2018-12-10 15:16:44,319 INFO spoon.Launcher - Spoon version 5.9.0-SNAPSHOT
2018-12-10 15:16:44,319 INFO spoon.Launcher - running Spoon...
2018-12-10 15:16:44,320 INFO spoon.Launcher - start processing...
2018-12-10 15:16:44,366 INFO spoon.Launcher - end of processing: 
2018-12-10 15:16:44,366 INFO spoon.Launcher - no errors, no warnings
2018-12-10 15:16:44,853 INFO spoon.Launcher - Spoon version 5.9.0-SNAPSHOT
2018-12-10 15:16:44,854 INFO spoon.Launcher - running Spoon...
2018-12-10 15:16:44,854 INFO spoon.Launcher - start processing...
2018-12-10 15:16:44,896 INFO spoon.Launcher - end of processing: 
2018-12-10 15:16:44,896 INFO spoon.Launcher - no errors, no warnings
2018-12-10 15:16:45,187 INFO spoon.Launcher - Spoon version 5.9.0-SNAPSHOT
2018-12-10 15:16:45,187 INFO spoon.Launcher - running Spoon...
2018-12-10 15:16:45,187 INFO spoon.Launcher - start processing...
2018-12-10 15:16:45,231 INFO spoon.Launcher - end of processing: 
2018-12-10 15:16:45,232 INFO spoon.Launcher - no errors, no warnings
2018-12-10 15:16:45,481 INFO spoon.Launcher - Spoon version 5.9.0-SNAPSHOT
2018-12-10 15:16:45,483 INFO spoon.Launcher - running Spoon...
2018-12-10 15:16:45,483 INFO spoon.Launcher - start processing...
2018-12-10 15:16:45,527 INFO spoon.Launcher - end of processing: 
2018-12-10 15:16:45,527 INFO spoon.Launcher - no errors, no warnings
2018-12-10 15:16:45,585 INFO spoon.Launcher - Spoon version 5.9.0-SNAPSHOT
2018-12-10 15:16:45,586 INFO spoon.Launcher - running Spoon...
2018-12-10 15:16:45,586 INFO spoon.Launcher - start processing...
2018-12-10 15:16:45,630 INFO spoon.Launcher - end of processing: 
2018-12-10 15:16:45,631 INFO spoon.Launcher - no errors, no warnings
2018-12-10 15:16:45,750 INFO spoon.Launcher - Spoon version 5.9.0-SNAPSHOT
2018-12-10 15:16:45,750 INFO spoon.Launcher - running Spoon...
2018-12-10 15:16:45,751 INFO spoon.Launcher - start processing...
2018-12-10 15:16:45,794 INFO spoon.Launcher - end of processing: 
2018-12-10 15:16:45,795 INFO spoon.Launcher - no errors, no warnings
2018-12-10 15:16:45,990 INFO spoon.Launcher - Spoon version 5.9.0-SNAPSHOT
2018-12-10 15:16:45,991 INFO spoon.Launcher - running Spoon...
2018-12-10 15:16:45,992 INFO spoon.Launcher - start processing...
2018-12-10 15:16:46,036 INFO spoon.Launcher - end of processing: 
2018-12-10 15:16:46,037 INFO spoon.Launcher - no errors, no warnings
2018-12-10 15:16:46,079 INFO spoon.Launcher - Spoon version 5.9.0-SNAPSHOT
2018-12-10 15:16:46,080 INFO spoon.Launcher - running Spoon...
2018-12-10 15:16:46,082 INFO spoon.Launcher - start processing...
2018-12-10 15:16:46,128 INFO spoon.Launcher - end of processing: 
2018-12-10 15:16:46,129 INFO spoon.Launcher - no errors, no warnings
2018-12-10 15:16:46,452 INFO spoon.Launcher - Spoon version 5.9.0-SNAPSHOT
2018-12-10 15:16:46,452 INFO spoon.Launcher - running Spoon...
2018-12-10 15:16:46,452 INFO spoon.Launcher - start processing...
2018-12-10 15:16:46,505 INFO spoon.Launcher - end of processing: 
2018-12-10 15:16:46,506 INFO spoon.Launcher - no errors, no warnings
2018-12-10 15:16:46,837 INFO spoon.Launcher - Spoon version 5.9.0-SNAPSHOT
2018-12-10 15:16:46,837 INFO spoon.Launcher - running Spoon...
2018-12-10 15:16:46,838 INFO spoon.Launcher - start processing...
2018-12-10 15:16:46,882 INFO spoon.Launcher - end of processing: 
2018-12-10 15:16:46,882 INFO spoon.Launcher - no errors, no warnings
2018-12-10 15:16:46,888 INFO spoon.Launcher - Step filter CtClass only) spoon.reflect.CtModelImpl$CtRootPackage cannot be cast to spoon.reflect.declaration.CtClass
Parameter 1) CtRootPackage: unnamed package
2018-12-10 15:16:46,889 INFO spoon.Launcher - Step filter CtClass only) spoon.support.reflect.declaration.CtPackageImpl cannot be cast to spoon.reflect.declaration.CtClass
Parameter 1) CtPackageImpl: spoon
2018-12-10 15:16:46,889 INFO spoon.Launcher - Step filter CtClass only) spoon.support.reflect.declaration.CtPackageImpl cannot be cast to spoon.reflect.declaration.CtClass
Parameter 1) CtPackageImpl: spoon.test
2018-12-10 15:16:46,889 INFO spoon.Launcher - Step filter CtClass only) spoon.support.reflect.declaration.CtPackageImpl cannot be cast to spoon.reflect.declaration.CtClass
Parameter 1) CtPackageImpl: spoon.test.filters
2018-12-10 15:16:46,890 INFO spoon.Launcher - Step filter CtClass only) spoon.support.reflect.declaration.CtPackageImpl cannot be cast to spoon.reflect.declaration.CtClass
Parameter 1) CtPackageImpl: spoon.test.filters.testclasses
2018-12-10 15:16:46,892 INFO spoon.Launcher - Step filter CtClass only) spoon.support.reflect.reference.CtTypeReferenceImpl cannot be cast to spoon.reflect.declaration.CtClass
Parameter 1) CtTypeReferenceImpl: spoon.test.filters.testclasses.ITostada
2018-12-10 15:16:46,892 INFO spoon.Launcher - Step filter CtClass only) spoon.support.reflect.reference.CtPackageReferenceImpl cannot be cast to spoon.reflect.declaration.CtClass
Parameter 1) CtPackageReferenceImpl: spoon.test.filters.testclasses
2018-12-10 15:16:46,893 INFO spoon.Launcher - Step filter CtClass only) spoon.support.reflect.declaration.CtConstructorImpl cannot be cast to spoon.reflect.declaration.CtClass
Parameter 1) CtConstructorImpl: public AbstractTostada() {
}
2018-12-10 15:16:46,893 INFO spoon.Launcher - Step filter CtClass only) spoon.support.reflect.code.CtBlockImpl cannot be cast to spoon.reflect.declaration.CtClass
Parameter 1) CtBlockImpl: {
}
2018-12-10 15:16:46,894 INFO spoon.Launcher - Step filter CtClass only) spoon.support.reflect.code.CtInvocationImpl cannot be cast to spoon.reflect.declaration.CtClass
Parameter 1) CtInvocationImpl: super()
2018-12-10 15:16:46,894 INFO spoon.Launcher - Step filter CtClass only) spoon.support.reflect.reference.CtExecutableReferenceImpl cannot be cast to spoon.reflect.declaration.CtClass
Parameter 1) CtExecutableReferenceImpl: java.lang.Object#Object()
2018-12-10 15:16:46,894 INFO spoon.Launcher - Step filter CtClass only) spoon.support.reflect.reference.CtTypeReferenceImpl cannot be cast to spoon.reflect.declaration.CtClass
Parameter 1) CtTypeReferenceImpl: java.lang.Object
2018-12-10 15:16:46,895 INFO spoon.Launcher - Step filter CtClass only) spoon.support.reflect.reference.CtPackageReferenceImpl cannot be cast to spoon.reflect.declaration.CtClass
Parameter 1) CtPackageReferenceImpl: java.lang
2018-12-10 15:16:46,895 INFO spoon.Launcher - Step filter CtClass only) spoon.support.reflect.reference.CtTypeReferenceImpl cannot be cast to spoon.reflect.declaration.CtClass
Parameter 1) CtTypeReferenceImpl: java.lang.Object
2018-12-10 15:16:46,895 INFO spoon.Launcher - Step filter CtClass only) spoon.support.reflect.reference.CtPackageReferenceImpl cannot be cast to spoon.reflect.declaration.CtClass
Parameter 1) CtPackageReferenceImpl: java.lang
2018-12-10 15:16:46,896 INFO spoon.Launcher - Step filter CtClass only) spoon.support.reflect.declaration.CtMethodImpl cannot be cast to spoon.reflect.declaration.CtClass
Parameter 1) CtMethodImpl: @java.lang.Override
public spoon.test.filters.testclasses.ITostada make() {
    return new spoon.test.filters.testclasses.Tostada() {
        @java.lang.Override
        public void prepare() {
            super.prepare();
        }

        @java.lang.Override
        public spoon.test.filters.testclasses.ITostada make() {
            return super.make();
        }
    };
}
2018-12-10 15:16:46,896 INFO spoon.Launcher - Step filter CtClass only) spoon.support.reflect.declaration.CtAnnotationImpl cannot be cast to spoon.reflect.declaration.CtClass
Parameter 1) CtAnnotationImpl: @java.lang.Override
2018-12-10 15:16:46,897 INFO spoon.Launcher - Step filter CtClass only) spoon.support.reflect.reference.CtTypeReferenceImpl cannot be cast to spoon.reflect.declaration.CtClass
Parameter 1) CtTypeReferenceImpl: java.lang.Override
2018-12-10 15:16:46,897 INFO spoon.Launcher - Step filter CtClass only) spoon.support.reflect.reference.CtPackageReferenceImpl cannot be cast to spoon.reflect.declaration.CtClass
Parameter 1) CtPackageReferenceImpl: java.lang
2018-12-10 15:16:46,897 INFO spoon.Launcher - Step filter CtClass only) spoon.support.reflect.reference.CtTypeReferenceImpl cannot be cast to spoon.reflect.declaration.CtClass
Parameter 1) CtTypeReferenceImpl: java.lang.Override
2018-12-10 15:16:46,898 INFO spoon.Launcher - Step filter CtClass only) spoon.support.reflect.reference.CtPackageReferenceImpl cannot be cast to spoon.reflect.declaration.CtClass
Parameter 1) CtPackageReferenceImpl: java.lang
2018-12-10 15:16:46,898 INFO spoon.Launcher - Step filter CtClass only) spoon.support.reflect.reference.CtTypeReferenceImpl cannot be cast to spoon.reflect.declaration.CtClass
Parameter 1) CtTypeReferenceImpl: spoon.test.filters.testclasses.ITostada
2018-12-10 15:16:46,898 INFO spoon.Launcher - Step filter CtClass only) spoon.support.reflect.reference.CtPackageReferenceImpl cannot be cast to spoon.reflect.declaration.CtClass
Parameter 1) CtPackageReferenceImpl: spoon.test.filters.testclasses
2018-12-10 15:16:46,899 INFO spoon.Launcher - Step filter CtClass only) spoon.support.reflect.code.CtBlockImpl cannot be cast to spoon.reflect.declaration.CtClass
Parameter 1) CtBlockImpl: {
    return new spoon.test.filters.testclasses.Tostada() {
        @java.lang.Override
        public void prepare() {
            super.prepare();
        }

        @java.lang.Override
        public spoon.test.filters.testclasses.ITostada make() {
            return super.make();
        }
    };
}
2018-12-10 15:16:46,899 INFO spoon.Launcher - Step filter CtClass only) spoon.support.reflect.code.CtReturnImpl cannot be cast to spoon.reflect.declaration.CtClass
Parameter 1) CtReturnImpl: return new spoon.test.filters.testclasses.Tostada() {
    @java.lang.Override
    public void prepare() {
        super.prepare();
    }

    @java.lang.Override
    public spoon.test.filters.testclasses.ITostada make() {
        return super.make();
    }
}
2018-12-10 15:16:46,900 INFO spoon.Launcher - Step filter CtClass only) spoon.support.reflect.code.CtNewClassImpl cannot be cast to spoon.reflect.declaration.CtClass
Parameter 1) CtNewClassImpl: new spoon.test.filters.testclasses.Tostada() {
    @java.lang.Override
    public void prepare() {
        super.prepare();
    }

    @java.lang.Override
    public spoon.test.filters.testclasses.ITostada make() {
        return super.make();
    }
}
2018-12-10 15:16:46,900 INFO spoon.Launcher - Step filter CtClass only) spoon.support.reflect.reference.CtExecutableReferenceImpl cannot be cast to spoon.reflect.declaration.CtClass
Parameter 1) CtExecutableReferenceImpl: spoon.test.filters.testclasses.AbstractTostada$1#1()
2018-12-10 15:16:46,901 INFO spoon.Launcher - Step filter CtClass only) spoon.support.reflect.reference.CtTypeReferenceImpl cannot be cast to spoon.reflect.declaration.CtClass
Parameter 1) CtTypeReferenceImpl: spoon.test.filters.testclasses.AbstractTostada.1
2018-12-10 15:16:46,902 INFO spoon.Launcher - Step filter CtClass only) spoon.support.reflect.reference.CtTypeReferenceImpl cannot be cast to spoon.reflect.declaration.CtClass
Parameter 1) CtTypeReferenceImpl: spoon.test.filters.testclasses.AbstractTostada
2018-12-10 15:16:46,902 INFO spoon.Launcher - Step filter CtClass only) spoon.support.reflect.reference.CtPackageReferenceImpl cannot be cast to spoon.reflect.declaration.CtClass
Parameter 1) CtPackageReferenceImpl: spoon.test.filters.testclasses
2018-12-10 15:16:46,903 INFO spoon.Launcher - Step filter CtClass only) spoon.support.reflect.reference.CtTypeReferenceImpl cannot be cast to spoon.reflect.declaration.CtClass
Parameter 1) CtTypeReferenceImpl: spoon.test.filters.testclasses.Tostada
2018-12-10 15:16:46,903 INFO spoon.Launcher - Step filter CtClass only) spoon.support.reflect.reference.CtPackageReferenceImpl cannot be cast to spoon.reflect.declaration.CtClass
Parameter 1) CtPackageReferenceImpl: spoon.test.filters.testclasses
2018-12-10 15:16:46,903 INFO spoon.Launcher - Step filter CtClass only) spoon.support.reflect.reference.CtTypeReferenceImpl cannot be cast to spoon.reflect.declaration.CtClass
Parameter 1) CtTypeReferenceImpl: spoon.test.filters.testclasses.Tostada
2018-12-10 15:16:46,904 INFO spoon.Launcher - Step filter CtClass only) spoon.support.reflect.reference.CtPackageReferenceImpl cannot be cast to spoon.reflect.declaration.CtClass
Parameter 1) CtPackageReferenceImpl: spoon.test.filters.testclasses
2018-12-10 15:16:46,904 INFO spoon.Launcher - Step filter CtClass only) spoon.support.reflect.declaration.CtConstructorImpl cannot be cast to spoon.reflect.declaration.CtClass
Parameter 1) CtConstructorImpl: 1() {
}
2018-12-10 15:16:46,904 INFO spoon.Launcher - Step filter CtClass only) spoon.support.reflect.code.CtBlockImpl cannot be cast to spoon.reflect.declaration.CtClass
Parameter 1) CtBlockImpl: {
}
2018-12-10 15:16:46,905 INFO spoon.Launcher - Step filter CtClass only) spoon.support.reflect.code.CtInvocationImpl cannot be cast to spoon.reflect.declaration.CtClass
Parameter 1) CtInvocationImpl: super()
2018-12-10 15:16:46,905 INFO spoon.Launcher - Step filter CtClass only) spoon.support.reflect.reference.CtExecutableReferenceImpl cannot be cast to spoon.reflect.declaration.CtClass
Parameter 1) CtExecutableReferenceImpl: spoon.test.filters.testclasses.Tostada#Tostada()
2018-12-10 15:16:46,905 INFO spoon.Launcher - Step filter CtClass only) spoon.support.reflect.reference.CtTypeReferenceImpl cannot be cast to spoon.reflect.declaration.CtClass
Parameter 1) CtTypeReferenceImpl: spoon.test.filters.testclasses.Tostada
2018-12-10 15:16:46,906 INFO spoon.Launcher - Step filter CtClass only) spoon.support.reflect.reference.CtPackageReferenceImpl cannot be cast to spoon.reflect.declaration.CtClass
Parameter 1) CtPackageReferenceImpl: spoon.test.filters.testclasses
2018-12-10 15:16:46,906 INFO spoon.Launcher - Step filter CtClass only) spoon.support.reflect.reference.CtTypeReferenceImpl cannot be cast to spoon.reflect.declaration.CtClass
Parameter 1) CtTypeReferenceImpl: spoon.test.filters.testclasses.Tostada
2018-12-10 15:16:46,906 INFO spoon.Launcher - Step filter CtClass only) spoon.support.reflect.reference.CtPackageReferenceImpl cannot be cast to spoon.reflect.declaration.CtClass
Parameter 1) CtPackageReferenceImpl: spoon.test.filters.testclasses
2018-12-10 15:16:46,907 INFO spoon.Launcher - Step filter CtClass only) spoon.support.reflect.declaration.CtMethodImpl cannot be cast to spoon.reflect.declaration.CtClass
Parameter 1) CtMethodImpl: @java.lang.Override
public void prepare() {
    super.prepare();
}
2018-12-10 15:16:46,907 INFO spoon.Launcher - Step filter CtClass only) spoon.support.reflect.declaration.CtAnnotationImpl cannot be cast to spoon.reflect.declaration.CtClass
Parameter 1) CtAnnotationImpl: @java.lang.Override
2018-12-10 15:16:46,908 INFO spoon.Launcher - Step filter CtClass only) spoon.support.reflect.reference.CtTypeReferenceImpl cannot be cast to spoon.reflect.declaration.CtClass
Parameter 1) CtTypeReferenceImpl: java.lang.Override
2018-12-10 15:16:46,908 INFO spoon.Launcher - Step filter CtClass only) spoon.support.reflect.reference.CtPackageReferenceImpl cannot be cast to spoon.reflect.declaration.CtClass
Parameter 1) CtPackageReferenceImpl: java.lang
2018-12-10 15:16:46,908 INFO spoon.Launcher - Step filter CtClass only) spoon.support.reflect.reference.CtTypeReferenceImpl cannot be cast to spoon.reflect.declaration.CtClass
Parameter 1) CtTypeReferenceImpl: java.lang.Override
2018-12-10 15:16:46,908 INFO spoon.Launcher - Step filter CtClass only) spoon.support.reflect.reference.CtPackageReferenceImpl cannot be cast to spoon.reflect.declaration.CtClass
Parameter 1) CtPackageReferenceImpl: java.lang
2018-12-10 15:16:46,909 INFO spoon.Launcher - Step filter CtClass only) spoon.support.reflect.reference.CtTypeReferenceImpl cannot be cast to spoon.reflect.declaration.CtClass
Parameter 1) CtTypeReferenceImpl: void
2018-12-10 15:16:46,909 INFO spoon.Launcher - Step filter CtClass only) spoon.support.reflect.code.CtBlockImpl cannot be cast to spoon.reflect.declaration.CtClass
Parameter 1) CtBlockImpl: {
    super.prepare();
}
2018-12-10 15:16:46,909 INFO spoon.Launcher - Step filter CtClass only) spoon.support.reflect.code.CtInvocationImpl cannot be cast to spoon.reflect.declaration.CtClass
Parameter 1) CtInvocationImpl: super.prepare()
2018-12-10 15:16:46,910 INFO spoon.Launcher - Step filter CtClass only) spoon.support.reflect.code.CtSuperAccessImpl cannot be cast to spoon.reflect.declaration.CtClass
Parameter 1) CtSuperAccessImpl: super
2018-12-10 15:16:46,910 INFO spoon.Launcher - Step filter CtClass only) spoon.support.reflect.reference.CtLocalVariableReferenceImpl cannot be cast to spoon.reflect.declaration.CtClass
Parameter 1) CtLocalVariableReferenceImpl: 
2018-12-10 15:16:46,910 INFO spoon.Launcher - Step filter CtClass only) spoon.support.reflect.reference.CtExecutableReferenceImpl cannot be cast to spoon.reflect.declaration.CtClass
Parameter 1) CtExecutableReferenceImpl: spoon.test.filters.testclasses.Tostada#prepare()
2018-12-10 15:16:46,911 INFO spoon.Launcher - Step filter CtClass only) spoon.support.reflect.reference.CtTypeReferenceImpl cannot be cast to spoon.reflect.declaration.CtClass
Parameter 1) CtTypeReferenceImpl: spoon.test.filters.testclasses.Tostada
2018-12-10 15:16:46,911 INFO spoon.Launcher - Step filter CtClass only) spoon.support.reflect.reference.CtPackageReferenceImpl cannot be cast to spoon.reflect.declaration.CtClass
Parameter 1) CtPackageReferenceImpl: spoon.test.filters.testclasses
2018-12-10 15:16:46,911 INFO spoon.Launcher - Step filter CtClass only) spoon.support.reflect.reference.CtTypeReferenceImpl cannot be cast to spoon.reflect.declaration.CtClass
Parameter 1) CtTypeReferenceImpl: void
2018-12-10 15:16:46,912 INFO spoon.Launcher - Step filter CtClass only) spoon.support.reflect.declaration.CtMethodImpl cannot be cast to spoon.reflect.declaration.CtClass
Parameter 1) CtMethodImpl: @java.lang.Override
public spoon.test.filters.testclasses.ITostada make() {
    return super.make();
}
2018-12-10 15:16:46,912 INFO spoon.Launcher - Step filter CtClass only) spoon.support.reflect.declaration.CtAnnotationImpl cannot be cast to spoon.reflect.declaration.CtClass
Parameter 1) CtAnnotationImpl: @java.lang.Override
2018-12-10 15:16:46,912 INFO spoon.Launcher - Step filter CtClass only) spoon.support.reflect.reference.CtTypeReferenceImpl cannot be cast to spoon.reflect.declaration.CtClass
Parameter 1) CtTypeReferenceImpl: java.lang.Override
2018-12-10 15:16:46,913 INFO spoon.Launcher - Step filter CtClass only) spoon.support.reflect.reference.CtPackageReferenceImpl cannot be cast to spoon.reflect.declaration.CtClass
Parameter 1) CtPackageReferenceImpl: java.lang
2018-12-10 15:16:46,913 INFO spoon.Launcher - Step filter CtClass only) spoon.support.reflect.reference.CtTypeReferenceImpl cannot be cast to spoon.reflect.declaration.CtClass
Parameter 1) CtTypeReferenceImpl: java.lang.Override
2018-12-10 15:16:46,913 INFO spoon.Launcher - Step filter CtClass only) spoon.support.reflect.reference.CtPackageReferenceImpl cannot be cast to spoon.reflect.declaration.CtClass
Parameter 1) CtPackageReferenceImpl: java.lang
2018-12-10 15:16:46,914 INFO spoon.Launcher - Step filter CtClass only) spoon.support.reflect.reference.CtTypeReferenceImpl cannot be cast to spoon.reflect.declaration.CtClass
Parameter 1) CtTypeReferenceImpl: spoon.test.filters.testclasses.ITostada
2018-12-10 15:16:46,914 INFO spoon.Launcher - Step filter CtClass only) spoon.support.reflect.reference.CtPackageReferenceImpl cannot be cast to spoon.reflect.declaration.CtClass
Parameter 1) CtPackageReferenceImpl: spoon.test.filters.testclasses
2018-12-10 15:16:46,914 INFO spoon.Launcher - Step filter CtClass only) spoon.support.reflect.code.CtBlockImpl cannot be cast to spoon.reflect.declaration.CtClass
Parameter 1) CtBlockImpl: {
    return super.make();
}
2018-12-10 15:16:46,915 INFO spoon.Launcher - Step filter CtClass only) spoon.support.reflect.code.CtReturnImpl cannot be cast to spoon.reflect.declaration.CtClass
Parameter 1) CtReturnImpl: return super.make()
2018-12-10 15:16:46,915 INFO spoon.Launcher - Step filter CtClass only) spoon.support.reflect.code.CtInvocationImpl cannot be cast to spoon.reflect.declaration.CtClass
Parameter 1) CtInvocationImpl: super.make()
2018-12-10 15:16:46,915 INFO spoon.Launcher - Step filter CtClass only) spoon.support.reflect.code.CtSuperAccessImpl cannot be cast to spoon.reflect.declaration.CtClass
Parameter 1) CtSuperAccessImpl: super
2018-12-10 15:16:46,916 INFO spoon.Launcher - Step filter CtClass only) spoon.support.reflect.reference.CtLocalVariableReferenceImpl cannot be cast to spoon.reflect.declaration.CtClass
Parameter 1) CtLocalVariableReferenceImpl: 
2018-12-10 15:16:46,916 INFO spoon.Launcher - Step filter CtClass only) spoon.support.reflect.reference.CtExecutableReferenceImpl cannot be cast to spoon.reflect.declaration.CtClass
Parameter 1) CtExecutableReferenceImpl: spoon.test.filters.testclasses.Tostada#make()
2018-12-10 15:16:46,916 INFO spoon.Launcher - Step filter CtClass only) spoon.support.reflect.reference.CtTypeReferenceImpl cannot be cast to spoon.reflect.declaration.CtClass
Parameter 1) CtTypeReferenceImpl: spoon.test.filters.testclasses.Tostada
2018-12-10 15:16:46,917 INFO spoon.Launcher - Step filter CtClass only) spoon.support.reflect.reference.CtPackageReferenceImpl cannot be cast to spoon.reflect.declaration.CtClass
Parameter 1) CtPackageReferenceImpl: spoon.test.filters.testclasses
2018-12-10 15:16:46,917 INFO spoon.Launcher - Step filter CtClass only) spoon.support.reflect.reference.CtTypeReferenceImpl cannot be cast to spoon.reflect.declaration.CtClass
Parameter 1) CtTypeReferenceImpl: spoon.test.filters.testclasses.ITostada
2018-12-10 15:16:46,917 INFO spoon.Launcher - Step filter CtClass only) spoon.support.reflect.reference.CtPackageReferenceImpl cannot be cast to spoon.reflect.declaration.CtClass
Parameter 1) CtPackageReferenceImpl: spoon.test.filters.testclasses
2018-12-10 15:16:46,918 INFO spoon.Launcher - Step filter CtClass only) spoon.support.reflect.declaration.CtMethodImpl cannot be cast to spoon.reflect.declaration.CtClass
Parameter 1) CtMethodImpl: public abstract void prepare();
2018-12-10 15:16:46,918 INFO spoon.Launcher - Step filter CtClass only) spoon.support.reflect.reference.CtTypeReferenceImpl cannot be cast to spoon.reflect.declaration.CtClass
Parameter 1) CtTypeReferenceImpl: void
2018-12-10 15:16:46,918 INFO spoon.Launcher - Step filter CtClass only) spoon.support.reflect.reference.CtTypeReferenceImpl cannot be cast to spoon.reflect.declaration.CtClass
Parameter 1) CtTypeReferenceImpl: spoon.test.filters.testclasses.AbstractTostada
2018-12-10 15:16:46,919 INFO spoon.Launcher - Step filter CtClass only) spoon.support.reflect.reference.CtPackageReferenceImpl cannot be cast to spoon.reflect.declaration.CtClass
Parameter 1) CtPackageReferenceImpl: spoon.test.filters.testclasses
2018-12-10 15:16:46,919 INFO spoon.Launcher - Step filter CtClass only) spoon.support.reflect.declaration.CtConstructorImpl cannot be cast to spoon.reflect.declaration.CtClass
Parameter 1) CtConstructorImpl: public Antojito() {
}
2018-12-10 15:16:46,919 INFO spoon.Launcher - Step filter CtClass only) spoon.support.reflect.code.CtBlockImpl cannot be cast to spoon.reflect.declaration.CtClass
Parameter 1) CtBlockImpl: {
}
2018-12-10 15:16:46,920 INFO spoon.Launcher - Step filter CtClass only) spoon.support.reflect.code.CtInvocationImpl cannot be cast to spoon.reflect.declaration.CtClass
Parameter 1) CtInvocationImpl: super()
2018-12-10 15:16:46,920 INFO spoon.Launcher - Step filter CtClass only) spoon.support.reflect.reference.CtExecutableReferenceImpl cannot be cast to spoon.reflect.declaration.CtClass
Parameter 1) CtExecutableReferenceImpl: spoon.test.filters.testclasses.AbstractTostada#AbstractTostada()
2018-12-10 15:16:46,920 INFO spoon.Launcher - Step filter CtClass only) spoon.support.reflect.reference.CtTypeReferenceImpl cannot be cast to spoon.reflect.declaration.CtClass
Parameter 1) CtTypeReferenceImpl: spoon.test.filters.testclasses.AbstractTostada
2018-12-10 15:16:46,929 INFO spoon.Launcher - Step filter CtClass only) spoon.support.reflect.reference.CtPackageReferenceImpl cannot be cast to spoon.reflect.declaration.CtClass
Parameter 1) CtPackageReferenceImpl: spoon.test.filters.testclasses
2018-12-10 15:16:46,929 INFO spoon.Launcher - Step filter CtClass only) spoon.support.reflect.reference.CtTypeReferenceImpl cannot be cast to spoon.reflect.declaration.CtClass
Parameter 1) CtTypeReferenceImpl: spoon.test.filters.testclasses.AbstractTostada
2018-12-10 15:16:46,930 INFO spoon.Launcher - Step filter CtClass only) spoon.support.reflect.reference.CtPackageReferenceImpl cannot be cast to spoon.reflect.declaration.CtClass
Parameter 1) CtPackageReferenceImpl: spoon.test.filters.testclasses
2018-12-10 15:16:46,930 INFO spoon.Launcher - Step filter CtClass only) spoon.support.reflect.declaration.CtMethodImpl cannot be cast to spoon.reflect.declaration.CtClass
Parameter 1) CtMethodImpl: @java.lang.Override
public void prepare() {
    java.lang.System.out.println("Antojito");
}
2018-12-10 15:16:46,930 INFO spoon.Launcher - Step filter CtClass only) spoon.support.reflect.declaration.CtAnnotationImpl cannot be cast to spoon.reflect.declaration.CtClass
Parameter 1) CtAnnotationImpl: @java.lang.Override
2018-12-10 15:16:46,931 INFO spoon.Launcher - Step filter CtClass only) spoon.support.reflect.reference.CtTypeReferenceImpl cannot be cast to spoon.reflect.declaration.CtClass
Parameter 1) CtTypeReferenceImpl: java.lang.Override
2018-12-10 15:16:46,931 INFO spoon.Launcher - Step filter CtClass only) spoon.support.reflect.reference.CtPackageReferenceImpl cannot be cast to spoon.reflect.declaration.CtClass
Parameter 1) CtPackageReferenceImpl: java.lang
2018-12-10 15:16:46,931 INFO spoon.Launcher - Step filter CtClass only) spoon.support.reflect.reference.CtTypeReferenceImpl cannot be cast to spoon.reflect.declaration.CtClass
Parameter 1) CtTypeReferenceImpl: java.lang.Override
2018-12-10 15:16:46,932 INFO spoon.Launcher - Step filter CtClass only) spoon.support.reflect.reference.CtPackageReferenceImpl cannot be cast to spoon.reflect.declaration.CtClass
Parameter 1) CtPackageReferenceImpl: java.lang
2018-12-10 15:16:46,932 INFO spoon.Launcher - Step filter CtClass only) spoon.support.reflect.reference.CtTypeReferenceImpl cannot be cast to spoon.reflect.declaration.CtClass
Parameter 1) CtTypeReferenceImpl: void
2018-12-10 15:16:46,932 INFO spoon.Launcher - Step filter CtClass only) spoon.support.reflect.code.CtBlockImpl cannot be cast to spoon.reflect.declaration.CtClass
Parameter 1) CtBlockImpl: {
    java.lang.System.out.println("Antojito");
}
2018-12-10 15:16:46,933 INFO spoon.Launcher - Step filter CtClass only) spoon.support.reflect.code.CtInvocationImpl cannot be cast to spoon.reflect.declaration.CtClass
Parameter 1) CtInvocationImpl: java.lang.System.out.println("Antojito")
2018-12-10 15:16:46,933 INFO spoon.Launcher - Step filter CtClass only) spoon.support.reflect.code.CtFieldReadImpl cannot be cast to spoon.reflect.declaration.CtClass
Parameter 1) CtFieldReadImpl: java.lang.System.out
2018-12-10 15:16:46,933 INFO spoon.Launcher - Step filter CtClass only) spoon.support.reflect.code.CtTypeAccessImpl cannot be cast to spoon.reflect.declaration.CtClass
Parameter 1) CtTypeAccessImpl: java.lang.System
2018-12-10 15:16:46,934 INFO spoon.Launcher - Step filter CtClass only) spoon.support.reflect.reference.CtTypeReferenceImpl cannot be cast to spoon.reflect.declaration.CtClass
Parameter 1) CtTypeReferenceImpl: java.lang.System
2018-12-10 15:16:46,934 INFO spoon.Launcher - Step filter CtClass only) spoon.support.reflect.reference.CtPackageReferenceImpl cannot be cast to spoon.reflect.declaration.CtClass
Parameter 1) CtPackageReferenceImpl: java.lang
2018-12-10 15:16:46,935 INFO spoon.Launcher - Step filter CtClass only) spoon.support.reflect.reference.CtFieldReferenceImpl cannot be cast to spoon.reflect.declaration.CtClass
Parameter 1) CtFieldReferenceImpl: java.lang.System.out
2018-12-10 15:16:46,935 INFO spoon.Launcher - Step filter CtClass only) spoon.support.reflect.reference.CtTypeReferenceImpl cannot be cast to spoon.reflect.declaration.CtClass
Parameter 1) CtTypeReferenceImpl: java.lang.System
2018-12-10 15:16:46,935 INFO spoon.Launcher - Step filter CtClass only) spoon.support.reflect.reference.CtPackageReferenceImpl cannot be cast to spoon.reflect.declaration.CtClass
Parameter 1) CtPackageReferenceImpl: java.lang
2018-12-10 15:16:46,935 INFO spoon.Launcher - Step filter CtClass only) spoon.support.reflect.reference.CtTypeReferenceImpl cannot be cast to spoon.reflect.declaration.CtClass
Parameter 1) CtTypeReferenceImpl: java.io.PrintStream
2018-12-10 15:16:46,936 INFO spoon.Launcher - Step filter CtClass only) spoon.support.reflect.reference.CtPackageReferenceImpl cannot be cast to spoon.reflect.declaration.CtClass
Parameter 1) CtPackageReferenceImpl: java.io
2018-12-10 15:16:46,936 INFO spoon.Launcher - Step filter CtClass only) spoon.support.reflect.reference.CtExecutableReferenceImpl cannot be cast to spoon.reflect.declaration.CtClass
Parameter 1) CtExecutableReferenceImpl: java.io.PrintStream#println(java.lang.String)
2018-12-10 15:16:46,936 INFO spoon.Launcher - Step filter CtClass only) spoon.support.reflect.reference.CtTypeReferenceImpl cannot be cast to spoon.reflect.declaration.CtClass
Parameter 1) CtTypeReferenceImpl: java.io.PrintStream
2018-12-10 15:16:46,937 INFO spoon.Launcher - Step filter CtClass only) spoon.support.reflect.reference.CtPackageReferenceImpl cannot be cast to spoon.reflect.declaration.CtClass
Parameter 1) CtPackageReferenceImpl: java.io
2018-12-10 15:16:46,937 INFO spoon.Launcher - Step filter CtClass only) spoon.support.reflect.reference.CtTypeReferenceImpl cannot be cast to spoon.reflect.declaration.CtClass
Parameter 1) CtTypeReferenceImpl: void
2018-12-10 15:16:46,937 INFO spoon.Launcher - Step filter CtClass only) spoon.support.reflect.reference.CtTypeReferenceImpl cannot be cast to spoon.reflect.declaration.CtClass
Parameter 1) CtTypeReferenceImpl: java.lang.String
2018-12-10 15:16:46,938 INFO spoon.Launcher - Step filter CtClass only) spoon.support.reflect.reference.CtPackageReferenceImpl cannot be cast to spoon.reflect.declaration.CtClass
Parameter 1) CtPackageReferenceImpl: java.lang
2018-12-10 15:16:46,938 INFO spoon.Launcher - Step filter CtClass only) spoon.support.reflect.code.CtLiteralImpl cannot be cast to spoon.reflect.declaration.CtClass
Parameter 1) CtLiteralImpl: "Antojito"
2018-12-10 15:16:46,938 INFO spoon.Launcher - Step filter CtClass only) spoon.support.reflect.reference.CtTypeReferenceImpl cannot be cast to spoon.reflect.declaration.CtClass
Parameter 1) CtTypeReferenceImpl: java.lang.String
2018-12-10 15:16:46,939 INFO spoon.Launcher - Step filter CtClass only) spoon.support.reflect.reference.CtPackageReferenceImpl cannot be cast to spoon.reflect.declaration.CtClass
Parameter 1) CtPackageReferenceImpl: java.lang
2018-12-10 15:16:46,939 INFO spoon.Launcher - Step filter CtClass only) spoon.support.reflect.declaration.CtMethodImpl cannot be cast to spoon.reflect.declaration.CtClass
Parameter 1) CtMethodImpl: public void prepare(java.lang.String ingredient) {
}
2018-12-10 15:16:46,939 INFO spoon.Launcher - Step filter CtClass only) spoon.support.reflect.reference.CtTypeReferenceImpl cannot be cast to spoon.reflect.declaration.CtClass
Parameter 1) CtTypeReferenceImpl: void
2018-12-10 15:16:46,940 INFO spoon.Launcher - Step filter CtClass only) spoon.support.reflect.declaration.CtParameterImpl cannot be cast to spoon.reflect.declaration.CtClass
Parameter 1) CtParameterImpl: java.lang.String ingredient
2018-12-10 15:16:46,940 INFO spoon.Launcher - Step filter CtClass only) spoon.support.reflect.reference.CtTypeReferenceImpl cannot be cast to spoon.reflect.declaration.CtClass
Parameter 1) CtTypeReferenceImpl: java.lang.String
2018-12-10 15:16:46,940 INFO spoon.Launcher - Step filter CtClass only) spoon.support.reflect.reference.CtPackageReferenceImpl cannot be cast to spoon.reflect.declaration.CtClass
Parameter 1) CtPackageReferenceImpl: java.lang
2018-12-10 15:16:46,941 INFO spoon.Launcher - Step filter CtClass only) spoon.support.reflect.code.CtBlockImpl cannot be cast to spoon.reflect.declaration.CtClass
Parameter 1) CtBlockImpl: {
}
2018-12-10 15:16:46,941 INFO spoon.Launcher - Step filter CtClass only) spoon.support.reflect.reference.CtTypeReferenceImpl cannot be cast to spoon.reflect.declaration.CtClass
Parameter 1) CtTypeReferenceImpl: java.util.ArrayList
2018-12-10 15:16:46,942 INFO spoon.Launcher - Step filter CtClass only) spoon.support.reflect.reference.CtPackageReferenceImpl cannot be cast to spoon.reflect.declaration.CtClass
Parameter 1) CtPackageReferenceImpl: java.util
2018-12-10 15:16:46,942 INFO spoon.Launcher - Step filter CtClass only) spoon.support.reflect.declaration.CtFieldImpl cannot be cast to spoon.reflect.declaration.CtClass
Parameter 1) CtFieldImpl: private int myfield = 0;
2018-12-10 15:16:46,942 INFO spoon.Launcher - Step filter CtClass only) spoon.support.reflect.reference.CtTypeReferenceImpl cannot be cast to spoon.reflect.declaration.CtClass
Parameter 1) CtTypeReferenceImpl: int
2018-12-10 15:16:46,943 INFO spoon.Launcher - Step filter CtClass only) spoon.support.reflect.code.CtLiteralImpl cannot be cast to spoon.reflect.declaration.CtClass
Parameter 1) CtLiteralImpl: 0
2018-12-10 15:16:46,943 INFO spoon.Launcher - Step filter CtClass only) spoon.support.reflect.reference.CtTypeReferenceImpl cannot be cast to spoon.reflect.declaration.CtClass
Parameter 1) CtTypeReferenceImpl: int
2018-12-10 15:16:46,944 INFO spoon.Launcher - Step filter CtClass only) spoon.support.reflect.declaration.CtConstructorImpl cannot be cast to spoon.reflect.declaration.CtClass
Parameter 1) CtConstructorImpl: FieldAccessFilterTacos() {
    super();
    this.myfield = 0;
}
2018-12-10 15:16:46,944 INFO spoon.Launcher - Step filter CtClass only) spoon.support.reflect.code.CtBlockImpl cannot be cast to spoon.reflect.declaration.CtClass
Parameter 1) CtBlockImpl: {
    super();
    this.myfield = 0;
}
2018-12-10 15:16:46,944 INFO spoon.Launcher - Step filter CtClass only) spoon.support.reflect.code.CtInvocationImpl cannot be cast to spoon.reflect.declaration.CtClass
Parameter 1) CtInvocationImpl: super()
2018-12-10 15:16:46,960 INFO spoon.Launcher - Step filter CtClass only) spoon.support.reflect.reference.CtExecutableReferenceImpl cannot be cast to spoon.reflect.declaration.CtClass
Parameter 1) CtExecutableReferenceImpl: java.util.ArrayList#ArrayList()
2018-12-10 15:16:46,961 INFO spoon.Launcher - Step filter CtClass only) spoon.support.reflect.reference.CtTypeReferenceImpl cannot be cast to spoon.reflect.declaration.CtClass
Parameter 1) CtTypeReferenceImpl: java.util.ArrayList
2018-12-10 15:16:46,961 INFO spoon.Launcher - Step filter CtClass only) spoon.support.reflect.reference.CtPackageReferenceImpl cannot be cast to spoon.reflect.declaration.CtClass
Parameter 1) CtPackageReferenceImpl: java.util
2018-12-10 15:16:46,962 INFO spoon.Launcher - Step filter CtClass only) spoon.support.reflect.reference.CtTypeReferenceImpl cannot be cast to spoon.reflect.declaration.CtClass
Parameter 1) CtTypeReferenceImpl: java.util.ArrayList
2018-12-10 15:16:46,962 INFO spoon.Launcher - Step filter CtClass only) spoon.support.reflect.reference.CtPackageReferenceImpl cannot be cast to spoon.reflect.declaration.CtClass
Parameter 1) CtPackageReferenceImpl: java.util
2018-12-10 15:16:46,963 INFO spoon.Launcher - Step filter CtClass only) spoon.support.reflect.code.CtAssignmentImpl cannot be cast to spoon.reflect.declaration.CtClass
Parameter 1) CtAssignmentImpl: this.myfield = 0
2018-12-10 15:16:46,963 INFO spoon.Launcher - Step filter CtClass only) spoon.support.reflect.reference.CtTypeReferenceImpl cannot be cast to spoon.reflect.declaration.CtClass
Parameter 1) CtTypeReferenceImpl: int
2018-12-10 15:16:46,963 INFO spoon.Launcher - Step filter CtClass only) spoon.support.reflect.code.CtFieldWriteImpl cannot be cast to spoon.reflect.declaration.CtClass
Parameter 1) CtFieldWriteImpl: this.myfield
2018-12-10 15:16:46,964 INFO spoon.Launcher - Step filter CtClass only) spoon.support.reflect.code.CtThisAccessImpl cannot be cast to spoon.reflect.declaration.CtClass
Parameter 1) CtThisAccessImpl: this
2018-12-10 15:16:46,964 INFO spoon.Launcher - Step filter CtClass only) spoon.support.reflect.reference.CtTypeReferenceImpl cannot be cast to spoon.reflect.declaration.CtClass
Parameter 1) CtTypeReferenceImpl: spoon.test.filters.testclasses.FieldAccessFilterTacos
2018-12-10 15:16:46,965 INFO spoon.Launcher - Step filter CtClass only) spoon.support.reflect.reference.CtPackageReferenceImpl cannot be cast to spoon.reflect.declaration.CtClass
Parameter 1) CtPackageReferenceImpl: spoon.test.filters.testclasses
2018-12-10 15:16:46,965 INFO spoon.Launcher - Step filter CtClass only) spoon.support.reflect.code.CtTypeAccessImpl cannot be cast to spoon.reflect.declaration.CtClass
Parameter 1) CtTypeAccessImpl: spoon.test.filters.testclasses.FieldAccessFilterTacos
2018-12-10 15:16:46,965 INFO spoon.Launcher - Step filter CtClass only) spoon.support.reflect.reference.CtTypeReferenceImpl cannot be cast to spoon.reflect.declaration.CtClass
Parameter 1) CtTypeReferenceImpl: spoon.test.filters.testclasses.FieldAccessFilterTacos
2018-12-10 15:16:46,966 INFO spoon.Launcher - Step filter CtClass only) spoon.support.reflect.reference.CtPackageReferenceImpl cannot be cast to spoon.reflect.declaration.CtClass
Parameter 1) CtPackageReferenceImpl: spoon.test.filters.testclasses
2018-12-10 15:16:46,966 INFO spoon.Launcher - Step filter CtClass only) spoon.support.reflect.reference.CtFieldReferenceImpl cannot be cast to spoon.reflect.declaration.CtClass
Parameter 1) CtFieldReferenceImpl: myfield
2018-12-10 15:16:46,966 INFO spoon.Launcher - Step filter CtClass only) spoon.support.reflect.reference.CtTypeReferenceImpl cannot be cast to spoon.reflect.declaration.CtClass
Parameter 1) CtTypeReferenceImpl: spoon.test.filters.testclasses.FieldAccessFilterTacos
2018-12-10 15:16:46,967 INFO spoon.Launcher - Step filter CtClass only) spoon.support.reflect.reference.CtPackageReferenceImpl cannot be cast to spoon.reflect.declaration.CtClass
Parameter 1) CtPackageReferenceImpl: spoon.test.filters.testclasses
2018-12-10 15:16:46,967 INFO spoon.Launcher - Step filter CtClass only) spoon.support.reflect.reference.CtTypeReferenceImpl cannot be cast to spoon.reflect.declaration.CtClass
Parameter 1) CtTypeReferenceImpl: int
2018-12-10 15:16:46,968 INFO spoon.Launcher - Step filter CtClass only) spoon.support.reflect.code.CtLiteralImpl cannot be cast to spoon.reflect.declaration.CtClass
Parameter 1) CtLiteralImpl: 0
2018-12-10 15:16:46,968 INFO spoon.Launcher - Step filter CtClass only) spoon.support.reflect.reference.CtTypeReferenceImpl cannot be cast to spoon.reflect.declaration.CtClass
Parameter 1) CtTypeReferenceImpl: int
2018-12-10 15:16:46,980 INFO spoon.Launcher - Step filter CtClass only) spoon.support.reflect.declaration.CtMethodImpl cannot be cast to spoon.reflect.declaration.CtClass
Parameter 1) CtMethodImpl: public void m() {
    myfield = super.size();
    java.lang.Object o = super.get(myfield);
}
2018-12-10 15:16:46,981 INFO spoon.Launcher - Step filter CtClass only) spoon.support.reflect.reference.CtTypeReferenceImpl cannot be cast to spoon.reflect.declaration.CtClass
Parameter 1) CtTypeReferenceImpl: void
2018-12-10 15:16:46,982 INFO spoon.Launcher - Step filter CtClass only) spoon.support.reflect.code.CtBlockImpl cannot be cast to spoon.reflect.declaration.CtClass
Parameter 1) CtBlockImpl: {
    myfield = super.size();
    java.lang.Object o = super.get(myfield);
}
2018-12-10 15:16:46,983 INFO spoon.Launcher - Step filter CtClass only) spoon.support.reflect.code.CtAssignmentImpl cannot be cast to spoon.reflect.declaration.CtClass
Parameter 1) CtAssignmentImpl: myfield = super.size()
2018-12-10 15:16:46,983 INFO spoon.Launcher - Step filter CtClass only) spoon.support.reflect.reference.CtTypeReferenceImpl cannot be cast to spoon.reflect.declaration.CtClass
Parameter 1) CtTypeReferenceImpl: int
2018-12-10 15:16:46,984 INFO spoon.Launcher - Step filter CtClass only) spoon.support.reflect.code.CtFieldWriteImpl cannot be cast to spoon.reflect.declaration.CtClass
Parameter 1) CtFieldWriteImpl: myfield
2018-12-10 15:16:46,985 INFO spoon.Launcher - Step filter CtClass only) spoon.support.reflect.code.CtThisAccessImpl cannot be cast to spoon.reflect.declaration.CtClass
Parameter 1) CtThisAccessImpl: 
2018-12-10 15:16:46,985 INFO spoon.Launcher - Step filter CtClass only) spoon.support.reflect.reference.CtTypeReferenceImpl cannot be cast to spoon.reflect.declaration.CtClass
Parameter 1) CtTypeReferenceImpl: spoon.test.filters.testclasses.FieldAccessFilterTacos
2018-12-10 15:16:46,985 INFO spoon.Launcher - Step filter CtClass only) spoon.support.reflect.reference.CtPackageReferenceImpl cannot be cast to spoon.reflect.declaration.CtClass
Parameter 1) CtPackageReferenceImpl: spoon.test.filters.testclasses
2018-12-10 15:16:46,986 INFO spoon.Launcher - Step filter CtClass only) spoon.support.reflect.code.CtTypeAccessImpl cannot be cast to spoon.reflect.declaration.CtClass
Parameter 1) CtTypeAccessImpl: spoon.test.filters.testclasses.FieldAccessFilterTacos
2018-12-10 15:16:46,986 INFO spoon.Launcher - Step filter CtClass only) spoon.support.reflect.reference.CtTypeReferenceImpl cannot be cast to spoon.reflect.declaration.CtClass
Parameter 1) CtTypeReferenceImpl: spoon.test.filters.testclasses.FieldAccessFilterTacos
2018-12-10 15:16:46,987 INFO spoon.Launcher - Step filter CtClass only) spoon.support.reflect.reference.CtPackageReferenceImpl cannot be cast to spoon.reflect.declaration.CtClass
Parameter 1) CtPackageReferenceImpl: spoon.test.filters.testclasses
2018-12-10 15:16:46,987 INFO spoon.Launcher - Step filter CtClass only) spoon.support.reflect.reference.CtFieldReferenceImpl cannot be cast to spoon.reflect.declaration.CtClass
Parameter 1) CtFieldReferenceImpl: myfield
2018-12-10 15:16:46,987 INFO spoon.Launcher - Step filter CtClass only) spoon.support.reflect.reference.CtTypeReferenceImpl cannot be cast to spoon.reflect.declaration.CtClass
Parameter 1) CtTypeReferenceImpl: spoon.test.filters.testclasses.FieldAccessFilterTacos
2018-12-10 15:16:46,988 INFO spoon.Launcher - Step filter CtClass only) spoon.support.reflect.reference.CtPackageReferenceImpl cannot be cast to spoon.reflect.declaration.CtClass
Parameter 1) CtPackageReferenceImpl: spoon.test.filters.testclasses
2018-12-10 15:16:46,988 INFO spoon.Launcher - Step filter CtClass only) spoon.support.reflect.reference.CtTypeReferenceImpl cannot be cast to spoon.reflect.declaration.CtClass
Parameter 1) CtTypeReferenceImpl: int
2018-12-10 15:16:46,988 INFO spoon.Launcher - Step filter CtClass only) spoon.support.reflect.code.CtInvocationImpl cannot be cast to spoon.reflect.declaration.CtClass
Parameter 1) CtInvocationImpl: super.size()
2018-12-10 15:16:47,004 INFO spoon.Launcher - Step filter CtClass only) spoon.support.reflect.code.CtSuperAccessImpl cannot be cast to spoon.reflect.declaration.CtClass
Parameter 1) CtSuperAccessImpl: super
2018-12-10 15:16:47,005 INFO spoon.Launcher - Step filter CtClass only) spoon.support.reflect.reference.CtLocalVariableReferenceImpl cannot be cast to spoon.reflect.declaration.CtClass
Parameter 1) CtLocalVariableReferenceImpl: 
2018-12-10 15:16:47,006 INFO spoon.Launcher - Step filter CtClass only) spoon.support.reflect.reference.CtExecutableReferenceImpl cannot be cast to spoon.reflect.declaration.CtClass
Parameter 1) CtExecutableReferenceImpl: java.util.ArrayList#size()
2018-12-10 15:16:47,006 INFO spoon.Launcher - Step filter CtClass only) spoon.support.reflect.reference.CtTypeReferenceImpl cannot be cast to spoon.reflect.declaration.CtClass
Parameter 1) CtTypeReferenceImpl: java.util.ArrayList
2018-12-10 15:16:47,006 INFO spoon.Launcher - Step filter CtClass only) spoon.support.reflect.reference.CtPackageReferenceImpl cannot be cast to spoon.reflect.declaration.CtClass
Parameter 1) CtPackageReferenceImpl: java.util
2018-12-10 15:16:47,007 INFO spoon.Launcher - Step filter CtClass only) spoon.support.reflect.reference.CtTypeReferenceImpl cannot be cast to spoon.reflect.declaration.CtClass
Parameter 1) CtTypeReferenceImpl: int
2018-12-10 15:16:47,008 INFO spoon.Launcher - Step filter CtClass only) spoon.support.reflect.code.CtLocalVariableImpl cannot be cast to spoon.reflect.declaration.CtClass
Parameter 1) CtLocalVariableImpl: java.lang.Object o = super.get(myfield)
2018-12-10 15:16:47,008 INFO spoon.Launcher - Step filter CtClass only) spoon.support.reflect.reference.CtTypeReferenceImpl cannot be cast to spoon.reflect.declaration.CtClass
Parameter 1) CtTypeReferenceImpl: java.lang.Object
2018-12-10 15:16:47,009 INFO spoon.Launcher - Step filter CtClass only) spoon.support.reflect.reference.CtPackageReferenceImpl cannot be cast to spoon.reflect.declaration.CtClass
Parameter 1) CtPackageReferenceImpl: java.lang
2018-12-10 15:16:47,009 INFO spoon.Launcher - Step filter CtClass only) spoon.support.reflect.code.CtInvocationImpl cannot be cast to spoon.reflect.declaration.CtClass
Parameter 1) CtInvocationImpl: super.get(myfield)
2018-12-10 15:16:47,010 INFO spoon.Launcher - Step filter CtClass only) spoon.support.reflect.code.CtSuperAccessImpl cannot be cast to spoon.reflect.declaration.CtClass
Parameter 1) CtSuperAccessImpl: super
2018-12-10 15:16:47,010 INFO spoon.Launcher - Step filter CtClass only) spoon.support.reflect.reference.CtLocalVariableReferenceImpl cannot be cast to spoon.reflect.declaration.CtClass
Parameter 1) CtLocalVariableReferenceImpl: 
2018-12-10 15:16:47,010 INFO spoon.Launcher - Step filter CtClass only) spoon.support.reflect.reference.CtExecutableReferenceImpl cannot be cast to spoon.reflect.declaration.CtClass
Parameter 1) CtExecutableReferenceImpl: java.util.ArrayList#get(int)
2018-12-10 15:16:47,011 INFO spoon.Launcher - Step filter CtClass only) spoon.support.reflect.reference.CtTypeReferenceImpl cannot be cast to spoon.reflect.declaration.CtClass
Parameter 1) CtTypeReferenceImpl: java.util.ArrayList
2018-12-10 15:16:47,011 INFO spoon.Launcher - Step filter CtClass only) spoon.support.reflect.reference.CtPackageReferenceImpl cannot be cast to spoon.reflect.declaration.CtClass
Parameter 1) CtPackageReferenceImpl: java.util
2018-12-10 15:16:47,011 INFO spoon.Launcher - Step filter CtClass only) spoon.support.reflect.reference.CtTypeReferenceImpl cannot be cast to spoon.reflect.declaration.CtClass
Parameter 1) CtTypeReferenceImpl: java.lang.Object
2018-12-10 15:16:47,012 INFO spoon.Launcher - Step filter CtClass only) spoon.support.reflect.reference.CtPackageReferenceImpl cannot be cast to spoon.reflect.declaration.CtClass
Parameter 1) CtPackageReferenceImpl: java.lang
2018-12-10 15:16:47,012 INFO spoon.Launcher - Step filter CtClass only) spoon.support.reflect.reference.CtTypeReferenceImpl cannot be cast to spoon.reflect.declaration.CtClass
Parameter 1) CtTypeReferenceImpl: int
2018-12-10 15:16:47,013 INFO spoon.Launcher - Step filter CtClass only) spoon.support.reflect.code.CtFieldReadImpl cannot be cast to spoon.reflect.declaration.CtClass
Parameter 1) CtFieldReadImpl: myfield
2018-12-10 15:16:47,013 INFO spoon.Launcher - Step filter CtClass only) spoon.support.reflect.code.CtThisAccessImpl cannot be cast to spoon.reflect.declaration.CtClass
Parameter 1) CtThisAccessImpl: 
2018-12-10 15:16:47,014 INFO spoon.Launcher - Step filter CtClass only) spoon.support.reflect.reference.CtTypeReferenceImpl cannot be cast to spoon.reflect.declaration.CtClass
Parameter 1) CtTypeReferenceImpl: spoon.test.filters.testclasses.FieldAccessFilterTacos
2018-12-10 15:16:47,014 INFO spoon.Launcher - Step filter CtClass only) spoon.support.reflect.reference.CtPackageReferenceImpl cannot be cast to spoon.reflect.declaration.CtClass
Parameter 1) CtPackageReferenceImpl: spoon.test.filters.testclasses
2018-12-10 15:16:47,014 INFO spoon.Launcher - Step filter CtClass only) spoon.support.reflect.code.CtTypeAccessImpl cannot be cast to spoon.reflect.declaration.CtClass
Parameter 1) CtTypeAccessImpl: spoon.test.filters.testclasses.FieldAccessFilterTacos
2018-12-10 15:16:47,015 INFO spoon.Launcher - Step filter CtClass only) spoon.support.reflect.reference.CtTypeReferenceImpl cannot be cast to spoon.reflect.declaration.CtClass
Parameter 1) CtTypeReferenceImpl: spoon.test.filters.testclasses.FieldAccessFilterTacos
2018-12-10 15:16:47,015 INFO spoon.Launcher - Step filter CtClass only) spoon.support.reflect.reference.CtPackageReferenceImpl cannot be cast to spoon.reflect.declaration.CtClass
Parameter 1) CtPackageReferenceImpl: spoon.test.filters.testclasses
2018-12-10 15:16:47,016 INFO spoon.Launcher - Step filter CtClass only) spoon.support.reflect.reference.CtFieldReferenceImpl cannot be cast to spoon.reflect.declaration.CtClass
Parameter 1) CtFieldReferenceImpl: myfield
2018-12-10 15:16:47,016 INFO spoon.Launcher - Step filter CtClass only) spoon.support.reflect.reference.CtTypeReferenceImpl cannot be cast to spoon.reflect.declaration.CtClass
Parameter 1) CtTypeReferenceImpl: spoon.test.filters.testclasses.FieldAccessFilterTacos
2018-12-10 15:16:47,016 INFO spoon.Launcher - Step filter CtClass only) spoon.support.reflect.reference.CtPackageReferenceImpl cannot be cast to spoon.reflect.declaration.CtClass
Parameter 1) CtPackageReferenceImpl: spoon.test.filters.testclasses
2018-12-10 15:16:47,017 INFO spoon.Launcher - Step filter CtClass only) spoon.support.reflect.reference.CtTypeReferenceImpl cannot be cast to spoon.reflect.declaration.CtClass
Parameter 1) CtTypeReferenceImpl: int
2018-12-10 15:16:47,017 INFO spoon.Launcher - Step filter CtClass only) spoon.support.reflect.declaration.CtInterfaceImpl cannot be cast to spoon.reflect.declaration.CtClass
Parameter 1) CtInterfaceImpl: public interface ITostada {
    spoon.test.filters.testclasses.ITostada make();
}
2018-12-10 15:16:47,018 INFO spoon.Launcher - Step filter CtClass only) spoon.support.reflect.declaration.CtMethodImpl cannot be cast to spoon.reflect.declaration.CtClass
Parameter 1) CtMethodImpl: spoon.test.filters.testclasses.ITostada make();
2018-12-10 15:16:47,018 INFO spoon.Launcher - Step filter CtClass only) spoon.support.reflect.reference.CtTypeReferenceImpl cannot be cast to spoon.reflect.declaration.CtClass
Parameter 1) CtTypeReferenceImpl: spoon.test.filters.testclasses.ITostada
2018-12-10 15:16:47,018 INFO spoon.Launcher - Step filter CtClass only) spoon.support.reflect.reference.CtPackageReferenceImpl cannot be cast to spoon.reflect.declaration.CtClass
Parameter 1) CtPackageReferenceImpl: spoon.test.filters.testclasses
2018-12-10 15:16:47,019 INFO spoon.Launcher - Step filter CtClass only) spoon.support.reflect.reference.CtTypeReferenceImpl cannot be cast to spoon.reflect.declaration.CtClass
Parameter 1) CtTypeReferenceImpl: spoon.test.filters.testclasses.Tostada
2018-12-10 15:16:47,019 INFO spoon.Launcher - Step filter CtClass only) spoon.support.reflect.reference.CtPackageReferenceImpl cannot be cast to spoon.reflect.declaration.CtClass
Parameter 1) CtPackageReferenceImpl: spoon.test.filters.testclasses
2018-12-10 15:16:47,034 INFO spoon.Launcher - Step filter CtClass only) spoon.support.reflect.declaration.CtConstructorImpl cannot be cast to spoon.reflect.declaration.CtClass
Parameter 1) CtConstructorImpl: public SubTostada() {
}
2018-12-10 15:16:47,035 INFO spoon.Launcher - Step filter CtClass only) spoon.support.reflect.code.CtBlockImpl cannot be cast to spoon.reflect.declaration.CtClass
Parameter 1) CtBlockImpl: {
}
2018-12-10 15:16:47,035 INFO spoon.Launcher - Step filter CtClass only) spoon.support.reflect.code.CtInvocationImpl cannot be cast to spoon.reflect.declaration.CtClass
Parameter 1) CtInvocationImpl: super()
2018-12-10 15:16:47,035 INFO spoon.Launcher - Step filter CtClass only) spoon.support.reflect.reference.CtExecutableReferenceImpl cannot be cast to spoon.reflect.declaration.CtClass
Parameter 1) CtExecutableReferenceImpl: spoon.test.filters.testclasses.Tostada#Tostada()
2018-12-10 15:16:47,036 INFO spoon.Launcher - Step filter CtClass only) spoon.support.reflect.reference.CtTypeReferenceImpl cannot be cast to spoon.reflect.declaration.CtClass
Parameter 1) CtTypeReferenceImpl: spoon.test.filters.testclasses.Tostada
2018-12-10 15:16:47,036 INFO spoon.Launcher - Step filter CtClass only) spoon.support.reflect.reference.CtPackageReferenceImpl cannot be cast to spoon.reflect.declaration.CtClass
Parameter 1) CtPackageReferenceImpl: spoon.test.filters.testclasses
2018-12-10 15:16:47,036 INFO spoon.Launcher - Step filter CtClass only) spoon.support.reflect.reference.CtTypeReferenceImpl cannot be cast to spoon.reflect.declaration.CtClass
Parameter 1) CtTypeReferenceImpl: spoon.test.filters.testclasses.Tostada
2018-12-10 15:16:47,038 INFO spoon.Launcher - Step filter CtClass only) spoon.support.reflect.reference.CtPackageReferenceImpl cannot be cast to spoon.reflect.declaration.CtClass
Parameter 1) CtPackageReferenceImpl: spoon.test.filters.testclasses
2018-12-10 15:16:47,038 INFO spoon.Launcher - Step filter CtClass only) spoon.support.reflect.declaration.CtMethodImpl cannot be cast to spoon.reflect.declaration.CtClass
Parameter 1) CtMethodImpl: @java.lang.Override
public void prepare() {
    java.lang.System.out.println("SubTostada");
    super.prepare();
}
2018-12-10 15:16:47,039 INFO spoon.Launcher - Step filter CtClass only) spoon.support.reflect.declaration.CtAnnotationImpl cannot be cast to spoon.reflect.declaration.CtClass
Parameter 1) CtAnnotationImpl: @java.lang.Override
2018-12-10 15:16:47,039 INFO spoon.Launcher - Step filter CtClass only) spoon.support.reflect.reference.CtTypeReferenceImpl cannot be cast to spoon.reflect.declaration.CtClass
Parameter 1) CtTypeReferenceImpl: java.lang.Override
2018-12-10 15:16:47,040 INFO spoon.Launcher - Step filter CtClass only) spoon.support.reflect.reference.CtPackageReferenceImpl cannot be cast to spoon.reflect.declaration.CtClass
Parameter 1) CtPackageReferenceImpl: java.lang
2018-12-10 15:16:47,040 INFO spoon.Launcher - Step filter CtClass only) spoon.support.reflect.reference.CtTypeReferenceImpl cannot be cast to spoon.reflect.declaration.CtClass
Parameter 1) CtTypeReferenceImpl: java.lang.Override
2018-12-10 15:16:47,040 INFO spoon.Launcher - Step filter CtClass only) spoon.support.reflect.reference.CtPackageReferenceImpl cannot be cast to spoon.reflect.declaration.CtClass
Parameter 1) CtPackageReferenceImpl: java.lang
2018-12-10 15:16:47,044 INFO spoon.Launcher - Step filter CtClass only) spoon.support.reflect.reference.CtTypeReferenceImpl cannot be cast to spoon.reflect.declaration.CtClass
Parameter 1) CtTypeReferenceImpl: void
2018-12-10 15:16:47,044 INFO spoon.Launcher - Step filter CtClass only) spoon.support.reflect.code.CtBlockImpl cannot be cast to spoon.reflect.declaration.CtClass
Parameter 1) CtBlockImpl: {
    java.lang.System.out.println("SubTostada");
    super.prepare();
}
2018-12-10 15:16:47,044 INFO spoon.Launcher - Step filter CtClass only) spoon.support.reflect.code.CtInvocationImpl cannot be cast to spoon.reflect.declaration.CtClass
Parameter 1) CtInvocationImpl: java.lang.System.out.println("SubTostada")
2018-12-10 15:16:47,045 INFO spoon.Launcher - Step filter CtClass only) spoon.support.reflect.code.CtFieldReadImpl cannot be cast to spoon.reflect.declaration.CtClass
Parameter 1) CtFieldReadImpl: java.lang.System.out
2018-12-10 15:16:47,045 INFO spoon.Launcher - Step filter CtClass only) spoon.support.reflect.code.CtTypeAccessImpl cannot be cast to spoon.reflect.declaration.CtClass
Parameter 1) CtTypeAccessImpl: java.lang.System
2018-12-10 15:16:47,045 INFO spoon.Launcher - Step filter CtClass only) spoon.support.reflect.reference.CtTypeReferenceImpl cannot be cast to spoon.reflect.declaration.CtClass
Parameter 1) CtTypeReferenceImpl: java.lang.System
2018-12-10 15:16:47,045 INFO spoon.Launcher - Step filter CtClass only) spoon.support.reflect.reference.CtPackageReferenceImpl cannot be cast to spoon.reflect.declaration.CtClass
Parameter 1) CtPackageReferenceImpl: java.lang
2018-12-10 15:16:47,046 INFO spoon.Launcher - Step filter CtClass only) spoon.support.reflect.reference.CtFieldReferenceImpl cannot be cast to spoon.reflect.declaration.CtClass
Parameter 1) CtFieldReferenceImpl: java.lang.System.out
2018-12-10 15:16:47,046 INFO spoon.Launcher - Step filter CtClass only) spoon.support.reflect.reference.CtTypeReferenceImpl cannot be cast to spoon.reflect.declaration.CtClass
Parameter 1) CtTypeReferenceImpl: java.lang.System
2018-12-10 15:16:47,046 INFO spoon.Launcher - Step filter CtClass only) spoon.support.reflect.reference.CtPackageReferenceImpl cannot be cast to spoon.reflect.declaration.CtClass
Parameter 1) CtPackageReferenceImpl: java.lang
2018-12-10 15:16:47,046 INFO spoon.Launcher - Step filter CtClass only) spoon.support.reflect.reference.CtTypeReferenceImpl cannot be cast to spoon.reflect.declaration.CtClass
Parameter 1) CtTypeReferenceImpl: java.io.PrintStream
2018-12-10 15:16:47,046 INFO spoon.Launcher - Step filter CtClass only) spoon.support.reflect.reference.CtPackageReferenceImpl cannot be cast to spoon.reflect.declaration.CtClass
Parameter 1) CtPackageReferenceImpl: java.io
2018-12-10 15:16:47,047 INFO spoon.Launcher - Step filter CtClass only) spoon.support.reflect.reference.CtExecutableReferenceImpl cannot be cast to spoon.reflect.declaration.CtClass
Parameter 1) CtExecutableReferenceImpl: java.io.PrintStream#println(java.lang.String)
2018-12-10 15:16:47,047 INFO spoon.Launcher - Step filter CtClass only) spoon.support.reflect.reference.CtTypeReferenceImpl cannot be cast to spoon.reflect.declaration.CtClass
Parameter 1) CtTypeReferenceImpl: java.io.PrintStream
2018-12-10 15:16:47,047 INFO spoon.Launcher - Step filter CtClass only) spoon.support.reflect.reference.CtPackageReferenceImpl cannot be cast to spoon.reflect.declaration.CtClass
Parameter 1) CtPackageReferenceImpl: java.io
2018-12-10 15:16:47,047 INFO spoon.Launcher - Step filter CtClass only) spoon.support.reflect.reference.CtTypeReferenceImpl cannot be cast to spoon.reflect.declaration.CtClass
Parameter 1) CtTypeReferenceImpl: void
2018-12-10 15:16:47,047 INFO spoon.Launcher - Step filter CtClass only) spoon.support.reflect.reference.CtTypeReferenceImpl cannot be cast to spoon.reflect.declaration.CtClass
Parameter 1) CtTypeReferenceImpl: java.lang.String
2018-12-10 15:16:47,048 INFO spoon.Launcher - Step filter CtClass only) spoon.support.reflect.reference.CtPackageReferenceImpl cannot be cast to spoon.reflect.declaration.CtClass
Parameter 1) CtPackageReferenceImpl: java.lang
2018-12-10 15:16:47,048 INFO spoon.Launcher - Step filter CtClass only) spoon.support.reflect.code.CtLiteralImpl cannot be cast to spoon.reflect.declaration.CtClass
Parameter 1) CtLiteralImpl: "SubTostada"
2018-12-10 15:16:47,048 INFO spoon.Launcher - Step filter CtClass only) spoon.support.reflect.reference.CtTypeReferenceImpl cannot be cast to spoon.reflect.declaration.CtClass
Parameter 1) CtTypeReferenceImpl: java.lang.String
2018-12-10 15:16:47,048 INFO spoon.Launcher - Step filter CtClass only) spoon.support.reflect.reference.CtPackageReferenceImpl cannot be cast to spoon.reflect.declaration.CtClass
Parameter 1) CtPackageReferenceImpl: java.lang
2018-12-10 15:16:47,048 INFO spoon.Launcher - Step filter CtClass only) spoon.support.reflect.code.CtInvocationImpl cannot be cast to spoon.reflect.declaration.CtClass
Parameter 1) CtInvocationImpl: super.prepare()
2018-12-10 15:16:47,049 INFO spoon.Launcher - Step filter CtClass only) spoon.support.reflect.code.CtSuperAccessImpl cannot be cast to spoon.reflect.declaration.CtClass
Parameter 1) CtSuperAccessImpl: super
2018-12-10 15:16:47,049 INFO spoon.Launcher - Step filter CtClass only) spoon.support.reflect.reference.CtLocalVariableReferenceImpl cannot be cast to spoon.reflect.declaration.CtClass
Parameter 1) CtLocalVariableReferenceImpl: 
2018-12-10 15:16:47,049 INFO spoon.Launcher - Step filter CtClass only) spoon.support.reflect.reference.CtExecutableReferenceImpl cannot be cast to spoon.reflect.declaration.CtClass
Parameter 1) CtExecutableReferenceImpl: spoon.test.filters.testclasses.Tostada#prepare()
2018-12-10 15:16:47,049 INFO spoon.Launcher - Step filter CtClass only) spoon.support.reflect.reference.CtTypeReferenceImpl cannot be cast to spoon.reflect.declaration.CtClass
Parameter 1) CtTypeReferenceImpl: spoon.test.filters.testclasses.Tostada
2018-12-10 15:16:47,049 INFO spoon.Launcher - Step filter CtClass only) spoon.support.reflect.reference.CtPackageReferenceImpl cannot be cast to spoon.reflect.declaration.CtClass
Parameter 1) CtPackageReferenceImpl: spoon.test.filters.testclasses
2018-12-10 15:16:47,050 INFO spoon.Launcher - Step filter CtClass only) spoon.support.reflect.reference.CtTypeReferenceImpl cannot be cast to spoon.reflect.declaration.CtClass
Parameter 1) CtTypeReferenceImpl: void
2018-12-10 15:16:47,050 INFO spoon.Launcher - Step filter CtClass only) spoon.support.reflect.reference.CtTypeReferenceImpl cannot be cast to spoon.reflect.declaration.CtClass
Parameter 1) CtTypeReferenceImpl: spoon.test.filters.testclasses.ITostada
2018-12-10 15:16:47,051 INFO spoon.Launcher - Step filter CtClass only) spoon.support.reflect.reference.CtPackageReferenceImpl cannot be cast to spoon.reflect.declaration.CtClass
Parameter 1) CtPackageReferenceImpl: spoon.test.filters.testclasses
2018-12-10 15:16:47,051 INFO spoon.Launcher - Step filter CtClass only) spoon.support.reflect.declaration.CtConstructorImpl cannot be cast to spoon.reflect.declaration.CtClass
Parameter 1) CtConstructorImpl: public Tacos() {
}
2018-12-10 15:16:47,052 INFO spoon.Launcher - Step filter CtClass only) spoon.support.reflect.code.CtBlockImpl cannot be cast to spoon.reflect.declaration.CtClass
Parameter 1) CtBlockImpl: {
}
2018-12-10 15:16:47,052 INFO spoon.Launcher - Step filter CtClass only) spoon.support.reflect.code.CtInvocationImpl cannot be cast to spoon.reflect.declaration.CtClass
Parameter 1) CtInvocationImpl: super()
2018-12-10 15:16:47,052 INFO spoon.Launcher - Step filter CtClass only) spoon.support.reflect.reference.CtExecutableReferenceImpl cannot be cast to spoon.reflect.declaration.CtClass
Parameter 1) CtExecutableReferenceImpl: java.lang.Object#Object()
2018-12-10 15:16:47,053 INFO spoon.Launcher - Step filter CtClass only) spoon.support.reflect.reference.CtTypeReferenceImpl cannot be cast to spoon.reflect.declaration.CtClass
Parameter 1) CtTypeReferenceImpl: java.lang.Object
2018-12-10 15:16:47,053 INFO spoon.Launcher - Step filter CtClass only) spoon.support.reflect.reference.CtPackageReferenceImpl cannot be cast to spoon.reflect.declaration.CtClass
Parameter 1) CtPackageReferenceImpl: java.lang
2018-12-10 15:16:47,053 INFO spoon.Launcher - Step filter CtClass only) spoon.support.reflect.reference.CtTypeReferenceImpl cannot be cast to spoon.reflect.declaration.CtClass
Parameter 1) CtTypeReferenceImpl: java.lang.Object
2018-12-10 15:16:47,054 INFO spoon.Launcher - Step filter CtClass only) spoon.support.reflect.reference.CtPackageReferenceImpl cannot be cast to spoon.reflect.declaration.CtClass
Parameter 1) CtPackageReferenceImpl: java.lang
2018-12-10 15:16:47,054 INFO spoon.Launcher - Step filter CtClass only) spoon.support.reflect.declaration.CtMethodImpl cannot be cast to spoon.reflect.declaration.CtClass
Parameter 1) CtMethodImpl: @java.lang.Override
public spoon.test.filters.testclasses.ITostada make() {
    return null;
}
2018-12-10 15:16:47,055 INFO spoon.Launcher - Step filter CtClass only) spoon.support.reflect.declaration.CtAnnotationImpl cannot be cast to spoon.reflect.declaration.CtClass
Parameter 1) CtAnnotationImpl: @java.lang.Override
2018-12-10 15:16:47,055 INFO spoon.Launcher - Step filter CtClass only) spoon.support.reflect.reference.CtTypeReferenceImpl cannot be cast to spoon.reflect.declaration.CtClass
Parameter 1) CtTypeReferenceImpl: java.lang.Override
2018-12-10 15:16:47,055 INFO spoon.Launcher - Step filter CtClass only) spoon.support.reflect.reference.CtPackageReferenceImpl cannot be cast to spoon.reflect.declaration.CtClass
Parameter 1) CtPackageReferenceImpl: java.lang
2018-12-10 15:16:47,056 INFO spoon.Launcher - Step filter CtClass only) spoon.support.reflect.reference.CtTypeReferenceImpl cannot be cast to spoon.reflect.declaration.CtClass
Parameter 1) CtTypeReferenceImpl: java.lang.Override
2018-12-10 15:16:47,056 INFO spoon.Launcher - Step filter CtClass only) spoon.support.reflect.reference.CtPackageReferenceImpl cannot be cast to spoon.reflect.declaration.CtClass
Parameter 1) CtPackageReferenceImpl: java.lang
2018-12-10 15:16:47,056 INFO spoon.Launcher - Step filter CtClass only) spoon.support.reflect.reference.CtTypeReferenceImpl cannot be cast to spoon.reflect.declaration.CtClass
Parameter 1) CtTypeReferenceImpl: spoon.test.filters.testclasses.ITostada
2018-12-10 15:16:47,057 INFO spoon.Launcher - Step filter CtClass only) spoon.support.reflect.reference.CtPackageReferenceImpl cannot be cast to spoon.reflect.declaration.CtClass
Parameter 1) CtPackageReferenceImpl: spoon.test.filters.testclasses
2018-12-10 15:16:47,057 INFO spoon.Launcher - Step filter CtClass only) spoon.support.reflect.code.CtBlockImpl cannot be cast to spoon.reflect.declaration.CtClass
Parameter 1) CtBlockImpl: {
    return null;
}
2018-12-10 15:16:47,057 INFO spoon.Launcher - Step filter CtClass only) spoon.support.reflect.code.CtReturnImpl cannot be cast to spoon.reflect.declaration.CtClass
Parameter 1) CtReturnImpl: return null
2018-12-10 15:16:47,057 INFO spoon.Launcher - Step filter CtClass only) spoon.support.reflect.code.CtLiteralImpl cannot be cast to spoon.reflect.declaration.CtClass
Parameter 1) CtLiteralImpl: null
2018-12-10 15:16:47,058 INFO spoon.Launcher - Step filter CtClass only) spoon.support.reflect.reference.CtTypeReferenceImpl cannot be cast to spoon.reflect.declaration.CtClass
Parameter 1) CtTypeReferenceImpl: <nulltype>
2018-12-10 15:16:47,058 INFO spoon.Launcher - Step filter CtClass only) spoon.support.reflect.declaration.CtMethodImpl cannot be cast to spoon.reflect.declaration.CtClass
Parameter 1) CtMethodImpl: public void prepare() {
    final java.util.ArrayList<java.lang.String> strings = new java.util.ArrayList<java.lang.String>();
    strings.size();
}
2018-12-10 15:16:47,058 INFO spoon.Launcher - Step filter CtClass only) spoon.support.reflect.reference.CtTypeReferenceImpl cannot be cast to spoon.reflect.declaration.CtClass
Parameter 1) CtTypeReferenceImpl: void
2018-12-10 15:16:47,058 INFO spoon.Launcher - Step filter CtClass only) spoon.support.reflect.code.CtBlockImpl cannot be cast to spoon.reflect.declaration.CtClass
Parameter 1) CtBlockImpl: {
    final java.util.ArrayList<java.lang.String> strings = new java.util.ArrayList<java.lang.String>();
    strings.size();
}
2018-12-10 15:16:47,059 INFO spoon.Launcher - Step filter CtClass only) spoon.support.reflect.code.CtLocalVariableImpl cannot be cast to spoon.reflect.declaration.CtClass
Parameter 1) CtLocalVariableImpl: final java.util.ArrayList<java.lang.String> strings = new java.util.ArrayList<java.lang.String>()
2018-12-10 15:16:47,059 INFO spoon.Launcher - Step filter CtClass only) spoon.support.reflect.reference.CtTypeReferenceImpl cannot be cast to spoon.reflect.declaration.CtClass
Parameter 1) CtTypeReferenceImpl: java.util.ArrayList<java.lang.String>
2018-12-10 15:16:47,059 INFO spoon.Launcher - Step filter CtClass only) spoon.support.reflect.reference.CtPackageReferenceImpl cannot be cast to spoon.reflect.declaration.CtClass
Parameter 1) CtPackageReferenceImpl: java.util
2018-12-10 15:16:47,059 INFO spoon.Launcher - Step filter CtClass only) spoon.support.reflect.reference.CtTypeReferenceImpl cannot be cast to spoon.reflect.declaration.CtClass
Parameter 1) CtTypeReferenceImpl: java.lang.String
2018-12-10 15:16:47,059 INFO spoon.Launcher - Step filter CtClass only) spoon.support.reflect.reference.CtPackageReferenceImpl cannot be cast to spoon.reflect.declaration.CtClass
Parameter 1) CtPackageReferenceImpl: java.lang
2018-12-10 15:16:47,060 INFO spoon.Launcher - Step filter CtClass only) spoon.support.reflect.code.CtConstructorCallImpl cannot be cast to spoon.reflect.declaration.CtClass
Parameter 1) CtConstructorCallImpl: new java.util.ArrayList<java.lang.String>()
2018-12-10 15:16:47,062 INFO spoon.Launcher - Step filter CtClass only) spoon.support.reflect.reference.CtExecutableReferenceImpl cannot be cast to spoon.reflect.declaration.CtClass
Parameter 1) CtExecutableReferenceImpl: java.util.ArrayList#ArrayList()
2018-12-10 15:16:47,063 INFO spoon.Launcher - Step filter CtClass only) spoon.support.reflect.reference.CtTypeReferenceImpl cannot be cast to spoon.reflect.declaration.CtClass
Parameter 1) CtTypeReferenceImpl: java.util.ArrayList
2018-12-10 15:16:47,064 INFO spoon.Launcher - Step filter CtClass only) spoon.support.reflect.reference.CtPackageReferenceImpl cannot be cast to spoon.reflect.declaration.CtClass
Parameter 1) CtPackageReferenceImpl: java.util
2018-12-10 15:16:47,064 INFO spoon.Launcher - Step filter CtClass only) spoon.support.reflect.reference.CtTypeReferenceImpl cannot be cast to spoon.reflect.declaration.CtClass
Parameter 1) CtTypeReferenceImpl: java.util.ArrayList<java.lang.String>
2018-12-10 15:16:47,065 INFO spoon.Launcher - Step filter CtClass only) spoon.support.reflect.reference.CtPackageReferenceImpl cannot be cast to spoon.reflect.declaration.CtClass
Parameter 1) CtPackageReferenceImpl: java.util
2018-12-10 15:16:47,065 INFO spoon.Launcher - Step filter CtClass only) spoon.support.reflect.reference.CtTypeReferenceImpl cannot be cast to spoon.reflect.declaration.CtClass
Parameter 1) CtTypeReferenceImpl: java.lang.String
2018-12-10 15:16:47,065 INFO spoon.Launcher - Step filter CtClass only) spoon.support.reflect.reference.CtPackageReferenceImpl cannot be cast to spoon.reflect.declaration.CtClass
Parameter 1) CtPackageReferenceImpl: java.lang
2018-12-10 15:16:47,066 INFO spoon.Launcher - Step filter CtClass only) spoon.support.reflect.code.CtInvocationImpl cannot be cast to spoon.reflect.declaration.CtClass
Parameter 1) CtInvocationImpl: strings.size()
2018-12-10 15:16:47,066 INFO spoon.Launcher - Step filter CtClass only) spoon.support.reflect.code.CtVariableReadImpl cannot be cast to spoon.reflect.declaration.CtClass
Parameter 1) CtVariableReadImpl: strings
2018-12-10 15:16:47,067 INFO spoon.Launcher - Step filter CtClass only) spoon.support.reflect.reference.CtLocalVariableReferenceImpl cannot be cast to spoon.reflect.declaration.CtClass
Parameter 1) CtLocalVariableReferenceImpl: strings
2018-12-10 15:16:47,070 INFO spoon.Launcher - Step filter CtClass only) spoon.support.reflect.reference.CtTypeReferenceImpl cannot be cast to spoon.reflect.declaration.CtClass
Parameter 1) CtTypeReferenceImpl: java.util.ArrayList<java.lang.String>
2018-12-10 15:16:47,071 INFO spoon.Launcher - Step filter CtClass only) spoon.support.reflect.reference.CtPackageReferenceImpl cannot be cast to spoon.reflect.declaration.CtClass
Parameter 1) CtPackageReferenceImpl: java.util
2018-12-10 15:16:47,072 INFO spoon.Launcher - Step filter CtClass only) spoon.support.reflect.reference.CtTypeReferenceImpl cannot be cast to spoon.reflect.declaration.CtClass
Parameter 1) CtTypeReferenceImpl: java.lang.String
2018-12-10 15:16:47,072 INFO spoon.Launcher - Step filter CtClass only) spoon.support.reflect.reference.CtPackageReferenceImpl cannot be cast to spoon.reflect.declaration.CtClass
Parameter 1) CtPackageReferenceImpl: java.lang
2018-12-10 15:16:47,073 INFO spoon.Launcher - Step filter CtClass only) spoon.support.reflect.reference.CtExecutableReferenceImpl cannot be cast to spoon.reflect.declaration.CtClass
Parameter 1) CtExecutableReferenceImpl: java.util.ArrayList#size()
2018-12-10 15:16:47,073 INFO spoon.Launcher - Step filter CtClass only) spoon.support.reflect.reference.CtTypeReferenceImpl cannot be cast to spoon.reflect.declaration.CtClass
Parameter 1) CtTypeReferenceImpl: java.util.ArrayList
2018-12-10 15:16:47,074 INFO spoon.Launcher - Step filter CtClass only) spoon.support.reflect.reference.CtPackageReferenceImpl cannot be cast to spoon.reflect.declaration.CtClass
Parameter 1) CtPackageReferenceImpl: java.util
2018-12-10 15:16:47,074 INFO spoon.Launcher - Step filter CtClass only) spoon.support.reflect.reference.CtTypeReferenceImpl cannot be cast to spoon.reflect.declaration.CtClass
Parameter 1) CtTypeReferenceImpl: int
2018-12-10 15:16:47,075 INFO spoon.Launcher - Step filter CtClass only) spoon.support.reflect.reference.CtTypeReferenceImpl cannot be cast to spoon.reflect.declaration.CtClass
Parameter 1) CtTypeReferenceImpl: spoon.test.filters.testclasses.AbstractTostada
2018-12-10 15:16:47,076 INFO spoon.Launcher - Step filter CtClass only) spoon.support.reflect.reference.CtPackageReferenceImpl cannot be cast to spoon.reflect.declaration.CtClass
Parameter 1) CtPackageReferenceImpl: spoon.test.filters.testclasses
2018-12-10 15:16:47,077 INFO spoon.Launcher - Step filter CtClass only) spoon.support.reflect.declaration.CtConstructorImpl cannot be cast to spoon.reflect.declaration.CtClass
Parameter 1) CtConstructorImpl: public Tostada() {
}
2018-12-10 15:16:47,077 INFO spoon.Launcher - Step filter CtClass only) spoon.support.reflect.code.CtBlockImpl cannot be cast to spoon.reflect.declaration.CtClass
Parameter 1) CtBlockImpl: {
}
2018-12-10 15:16:47,078 INFO spoon.Launcher - Step filter CtClass only) spoon.support.reflect.code.CtInvocationImpl cannot be cast to spoon.reflect.declaration.CtClass
Parameter 1) CtInvocationImpl: super()
2018-12-10 15:16:47,078 INFO spoon.Launcher - Step filter CtClass only) spoon.support.reflect.reference.CtExecutableReferenceImpl cannot be cast to spoon.reflect.declaration.CtClass
Parameter 1) CtExecutableReferenceImpl: spoon.test.filters.testclasses.AbstractTostada#AbstractTostada()
2018-12-10 15:16:47,079 INFO spoon.Launcher - Step filter CtClass only) spoon.support.reflect.reference.CtTypeReferenceImpl cannot be cast to spoon.reflect.declaration.CtClass
Parameter 1) CtTypeReferenceImpl: spoon.test.filters.testclasses.AbstractTostada
2018-12-10 15:16:47,079 INFO spoon.Launcher - Step filter CtClass only) spoon.support.reflect.reference.CtPackageReferenceImpl cannot be cast to spoon.reflect.declaration.CtClass
Parameter 1) CtPackageReferenceImpl: spoon.test.filters.testclasses
2018-12-10 15:16:47,080 INFO spoon.Launcher - Step filter CtClass only) spoon.support.reflect.reference.CtTypeReferenceImpl cannot be cast to spoon.reflect.declaration.CtClass
Parameter 1) CtTypeReferenceImpl: spoon.test.filters.testclasses.AbstractTostada
2018-12-10 15:16:47,080 INFO spoon.Launcher - Step filter CtClass only) spoon.support.reflect.reference.CtPackageReferenceImpl cannot be cast to spoon.reflect.declaration.CtClass
Parameter 1) CtPackageReferenceImpl: spoon.test.filters.testclasses
2018-12-10 15:16:47,081 INFO spoon.Launcher - Step filter CtClass only) spoon.support.reflect.declaration.CtMethodImpl cannot be cast to spoon.reflect.declaration.CtClass
Parameter 1) CtMethodImpl: @java.lang.Override
public spoon.test.filters.testclasses.ITostada make() {
    return new spoon.test.filters.testclasses.Tostada() {
        @java.lang.Override
        public void prepare() {
            int a = 3;
            super.prepare();
        }
    };
}
2018-12-10 15:16:47,081 INFO spoon.Launcher - Step filter CtClass only) spoon.support.reflect.declaration.CtAnnotationImpl cannot be cast to spoon.reflect.declaration.CtClass
Parameter 1) CtAnnotationImpl: @java.lang.Override
2018-12-10 15:16:47,082 INFO spoon.Launcher - Step filter CtClass only) spoon.support.reflect.reference.CtTypeReferenceImpl cannot be cast to spoon.reflect.declaration.CtClass
Parameter 1) CtTypeReferenceImpl: java.lang.Override
2018-12-10 15:16:47,082 INFO spoon.Launcher - Step filter CtClass only) spoon.support.reflect.reference.CtPackageReferenceImpl cannot be cast to spoon.reflect.declaration.CtClass
Parameter 1) CtPackageReferenceImpl: java.lang
2018-12-10 15:16:47,083 INFO spoon.Launcher - Step filter CtClass only) spoon.support.reflect.reference.CtTypeReferenceImpl cannot be cast to spoon.reflect.declaration.CtClass
Parameter 1) CtTypeReferenceImpl: java.lang.Override
2018-12-10 15:16:47,083 INFO spoon.Launcher - Step filter CtClass only) spoon.support.reflect.reference.CtPackageReferenceImpl cannot be cast to spoon.reflect.declaration.CtClass
Parameter 1) CtPackageReferenceImpl: java.lang
2018-12-10 15:16:47,084 INFO spoon.Launcher - Step filter CtClass only) spoon.support.reflect.reference.CtTypeReferenceImpl cannot be cast to spoon.reflect.declaration.CtClass
Parameter 1) CtTypeReferenceImpl: spoon.test.filters.testclasses.ITostada
2018-12-10 15:16:47,084 INFO spoon.Launcher - Step filter CtClass only) spoon.support.reflect.reference.CtPackageReferenceImpl cannot be cast to spoon.reflect.declaration.CtClass
Parameter 1) CtPackageReferenceImpl: spoon.test.filters.testclasses
2018-12-10 15:16:47,085 INFO spoon.Launcher - Step filter CtClass only) spoon.support.reflect.code.CtBlockImpl cannot be cast to spoon.reflect.declaration.CtClass
Parameter 1) CtBlockImpl: {
    return new spoon.test.filters.testclasses.Tostada() {
        @java.lang.Override
        public void prepare() {
            int a = 3;
            super.prepare();
        }
    };
}
2018-12-10 15:16:47,085 INFO spoon.Launcher - Step filter CtClass only) spoon.support.reflect.code.CtReturnImpl cannot be cast to spoon.reflect.declaration.CtClass
Parameter 1) CtReturnImpl: return new spoon.test.filters.testclasses.Tostada() {
    @java.lang.Override
    public void prepare() {
        int a = 3;
        super.prepare();
    }
}
2018-12-10 15:16:47,086 INFO spoon.Launcher - Step filter CtClass only) spoon.support.reflect.code.CtNewClassImpl cannot be cast to spoon.reflect.declaration.CtClass
Parameter 1) CtNewClassImpl: new spoon.test.filters.testclasses.Tostada() {
    @java.lang.Override
    public void prepare() {
        int a = 3;
        super.prepare();
    }
}
2018-12-10 15:16:47,086 INFO spoon.Launcher - Step filter CtClass only) spoon.support.reflect.reference.CtExecutableReferenceImpl cannot be cast to spoon.reflect.declaration.CtClass
Parameter 1) CtExecutableReferenceImpl: spoon.test.filters.testclasses.Tostada$1#1()
2018-12-10 15:16:47,088 INFO spoon.Launcher - Step filter CtClass only) spoon.support.reflect.reference.CtTypeReferenceImpl cannot be cast to spoon.reflect.declaration.CtClass
Parameter 1) CtTypeReferenceImpl: spoon.test.filters.testclasses.Tostada.1
2018-12-10 15:16:47,088 INFO spoon.Launcher - Step filter CtClass only) spoon.support.reflect.reference.CtTypeReferenceImpl cannot be cast to spoon.reflect.declaration.CtClass
Parameter 1) CtTypeReferenceImpl: spoon.test.filters.testclasses.Tostada
2018-12-10 15:16:47,088 INFO spoon.Launcher - Step filter CtClass only) spoon.support.reflect.reference.CtPackageReferenceImpl cannot be cast to spoon.reflect.declaration.CtClass
Parameter 1) CtPackageReferenceImpl: spoon.test.filters.testclasses
2018-12-10 15:16:47,089 INFO spoon.Launcher - Step filter CtClass only) spoon.support.reflect.reference.CtTypeReferenceImpl cannot be cast to spoon.reflect.declaration.CtClass
Parameter 1) CtTypeReferenceImpl: spoon.test.filters.testclasses.Tostada
2018-12-10 15:16:47,089 INFO spoon.Launcher - Step filter CtClass only) spoon.support.reflect.reference.CtPackageReferenceImpl cannot be cast to spoon.reflect.declaration.CtClass
Parameter 1) CtPackageReferenceImpl: spoon.test.filters.testclasses
2018-12-10 15:16:47,090 INFO spoon.Launcher - Step filter CtClass only) spoon.support.reflect.reference.CtTypeReferenceImpl cannot be cast to spoon.reflect.declaration.CtClass
Parameter 1) CtTypeReferenceImpl: spoon.test.filters.testclasses.Tostada
2018-12-10 15:16:47,090 INFO spoon.Launcher - Step filter CtClass only) spoon.support.reflect.reference.CtPackageReferenceImpl cannot be cast to spoon.reflect.declaration.CtClass
Parameter 1) CtPackageReferenceImpl: spoon.test.filters.testclasses
2018-12-10 15:16:47,091 INFO spoon.Launcher - Step filter CtClass only) spoon.support.reflect.declaration.CtConstructorImpl cannot be cast to spoon.reflect.declaration.CtClass
Parameter 1) CtConstructorImpl: 1() {
}
2018-12-10 15:16:47,091 INFO spoon.Launcher - Step filter CtClass only) spoon.support.reflect.code.CtBlockImpl cannot be cast to spoon.reflect.declaration.CtClass
Parameter 1) CtBlockImpl: {
}
2018-12-10 15:16:47,092 INFO spoon.Launcher - Step filter CtClass only) spoon.support.reflect.code.CtInvocationImpl cannot be cast to spoon.reflect.declaration.CtClass
Parameter 1) CtInvocationImpl: super()
2018-12-10 15:16:47,092 INFO spoon.Launcher - Step filter CtClass only) spoon.support.reflect.reference.CtExecutableReferenceImpl cannot be cast to spoon.reflect.declaration.CtClass
Parameter 1) CtExecutableReferenceImpl: spoon.test.filters.testclasses.Tostada#Tostada()
2018-12-10 15:16:47,093 INFO spoon.Launcher - Step filter CtClass only) spoon.support.reflect.reference.CtTypeReferenceImpl cannot be cast to spoon.reflect.declaration.CtClass
Parameter 1) CtTypeReferenceImpl: spoon.test.filters.testclasses.Tostada
2018-12-10 15:16:47,093 INFO spoon.Launcher - Step filter CtClass only) spoon.support.reflect.reference.CtPackageReferenceImpl cannot be cast to spoon.reflect.declaration.CtClass
Parameter 1) CtPackageReferenceImpl: spoon.test.filters.testclasses
2018-12-10 15:16:47,094 INFO spoon.Launcher - Step filter CtClass only) spoon.support.reflect.reference.CtTypeReferenceImpl cannot be cast to spoon.reflect.declaration.CtClass
Parameter 1) CtTypeReferenceImpl: spoon.test.filters.testclasses.Tostada
2018-12-10 15:16:47,094 INFO spoon.Launcher - Step filter CtClass only) spoon.support.reflect.reference.CtPackageReferenceImpl cannot be cast to spoon.reflect.declaration.CtClass
Parameter 1) CtPackageReferenceImpl: spoon.test.filters.testclasses
2018-12-10 15:16:47,095 INFO spoon.Launcher - Step filter CtClass only) spoon.support.reflect.declaration.CtMethodImpl cannot be cast to spoon.reflect.declaration.CtClass
Parameter 1) CtMethodImpl: @java.lang.Override
public void prepare() {
    int a = 3;
    super.prepare();
}
2018-12-10 15:16:47,095 INFO spoon.Launcher - Step filter CtClass only) spoon.support.reflect.declaration.CtAnnotationImpl cannot be cast to spoon.reflect.declaration.CtClass
Parameter 1) CtAnnotationImpl: @java.lang.Override
2018-12-10 15:16:47,100 INFO spoon.Launcher - Step filter CtClass only) spoon.support.reflect.reference.CtTypeReferenceImpl cannot be cast to spoon.reflect.declaration.CtClass
Parameter 1) CtTypeReferenceImpl: java.lang.Override
2018-12-10 15:16:47,101 INFO spoon.Launcher - Step filter CtClass only) spoon.support.reflect.reference.CtPackageReferenceImpl cannot be cast to spoon.reflect.declaration.CtClass
Parameter 1) CtPackageReferenceImpl: java.lang
2018-12-10 15:16:47,101 INFO spoon.Launcher - Step filter CtClass only) spoon.support.reflect.reference.CtTypeReferenceImpl cannot be cast to spoon.reflect.declaration.CtClass
Parameter 1) CtTypeReferenceImpl: java.lang.Override
2018-12-10 15:16:47,102 INFO spoon.Launcher - Step filter CtClass only) spoon.support.reflect.reference.CtPackageReferenceImpl cannot be cast to spoon.reflect.declaration.CtClass
Parameter 1) CtPackageReferenceImpl: java.lang
2018-12-10 15:16:47,102 INFO spoon.Launcher - Step filter CtClass only) spoon.support.reflect.reference.CtTypeReferenceImpl cannot be cast to spoon.reflect.declaration.CtClass
Parameter 1) CtTypeReferenceImpl: void
2018-12-10 15:16:47,103 INFO spoon.Launcher - Step filter CtClass only) spoon.support.reflect.code.CtBlockImpl cannot be cast to spoon.reflect.declaration.CtClass
Parameter 1) CtBlockImpl: {
    int a = 3;
    super.prepare();
}
2018-12-10 15:16:47,103 INFO spoon.Launcher - Step filter CtClass only) spoon.support.reflect.code.CtLocalVariableImpl cannot be cast to spoon.reflect.declaration.CtClass
Parameter 1) CtLocalVariableImpl: int a = 3
2018-12-10 15:16:47,104 INFO spoon.Launcher - Step filter CtClass only) spoon.support.reflect.reference.CtTypeReferenceImpl cannot be cast to spoon.reflect.declaration.CtClass
Parameter 1) CtTypeReferenceImpl: int
2018-12-10 15:16:47,105 INFO spoon.Launcher - Step filter CtClass only) spoon.support.reflect.code.CtLiteralImpl cannot be cast to spoon.reflect.declaration.CtClass
Parameter 1) CtLiteralImpl: 3
2018-12-10 15:16:47,106 INFO spoon.Launcher - Step filter CtClass only) spoon.support.reflect.reference.CtTypeReferenceImpl cannot be cast to spoon.reflect.declaration.CtClass
Parameter 1) CtTypeReferenceImpl: int
2018-12-10 15:16:47,107 INFO spoon.Launcher - Step filter CtClass only) spoon.support.reflect.code.CtInvocationImpl cannot be cast to spoon.reflect.declaration.CtClass
Parameter 1) CtInvocationImpl: super.prepare()
2018-12-10 15:16:47,107 INFO spoon.Launcher - Step filter CtClass only) spoon.support.reflect.code.CtSuperAccessImpl cannot be cast to spoon.reflect.declaration.CtClass
Parameter 1) CtSuperAccessImpl: super
2018-12-10 15:16:47,108 INFO spoon.Launcher - Step filter CtClass only) spoon.support.reflect.reference.CtLocalVariableReferenceImpl cannot be cast to spoon.reflect.declaration.CtClass
Parameter 1) CtLocalVariableReferenceImpl: 
2018-12-10 15:16:47,108 INFO spoon.Launcher - Step filter CtClass only) spoon.support.reflect.reference.CtExecutableReferenceImpl cannot be cast to spoon.reflect.declaration.CtClass
Parameter 1) CtExecutableReferenceImpl: spoon.test.filters.testclasses.Tostada#prepare()
2018-12-10 15:16:47,109 INFO spoon.Launcher - Step filter CtClass only) spoon.support.reflect.reference.CtTypeReferenceImpl cannot be cast to spoon.reflect.declaration.CtClass
Parameter 1) CtTypeReferenceImpl: spoon.test.filters.testclasses.Tostada
2018-12-10 15:16:47,109 INFO spoon.Launcher - Step filter CtClass only) spoon.support.reflect.reference.CtPackageReferenceImpl cannot be cast to spoon.reflect.declaration.CtClass
Parameter 1) CtPackageReferenceImpl: spoon.test.filters.testclasses
2018-12-10 15:16:47,110 INFO spoon.Launcher - Step filter CtClass only) spoon.support.reflect.reference.CtTypeReferenceImpl cannot be cast to spoon.reflect.declaration.CtClass
Parameter 1) CtTypeReferenceImpl: void
2018-12-10 15:16:47,111 INFO spoon.Launcher - Step filter CtClass only) spoon.support.reflect.declaration.CtMethodImpl cannot be cast to spoon.reflect.declaration.CtClass
Parameter 1) CtMethodImpl: @java.lang.Override
public void prepare() {
}
2018-12-10 15:16:47,112 INFO spoon.Launcher - Step filter CtClass only) spoon.support.reflect.declaration.CtAnnotationImpl cannot be cast to spoon.reflect.declaration.CtClass
Parameter 1) CtAnnotationImpl: @java.lang.Override
2018-12-10 15:16:47,112 INFO spoon.Launcher - Step filter CtClass only) spoon.support.reflect.reference.CtTypeReferenceImpl cannot be cast to spoon.reflect.declaration.CtClass
Parameter 1) CtTypeReferenceImpl: java.lang.Override
2018-12-10 15:16:47,113 INFO spoon.Launcher - Step filter CtClass only) spoon.support.reflect.reference.CtPackageReferenceImpl cannot be cast to spoon.reflect.declaration.CtClass
Parameter 1) CtPackageReferenceImpl: java.lang
2018-12-10 15:16:47,114 INFO spoon.Launcher - Step filter CtClass only) spoon.support.reflect.reference.CtTypeReferenceImpl cannot be cast to spoon.reflect.declaration.CtClass
Parameter 1) CtTypeReferenceImpl: java.lang.Override
2018-12-10 15:16:47,115 INFO spoon.Launcher - Step filter CtClass only) spoon.support.reflect.reference.CtPackageReferenceImpl cannot be cast to spoon.reflect.declaration.CtClass
Parameter 1) CtPackageReferenceImpl: java.lang
2018-12-10 15:16:47,115 INFO spoon.Launcher - Step filter CtClass only) spoon.support.reflect.reference.CtTypeReferenceImpl cannot be cast to spoon.reflect.declaration.CtClass
Parameter 1) CtTypeReferenceImpl: void
2018-12-10 15:16:47,116 INFO spoon.Launcher - Step filter CtClass only) spoon.support.reflect.code.CtBlockImpl cannot be cast to spoon.reflect.declaration.CtClass
Parameter 1) CtBlockImpl: {
}
Tests run: 40, Failures: 0, Errors: 0, Skipped: 0, Time elapsed: 4.093 sec - in spoon.test.filters.FilterTest
Running spoon.processing.CtGenerationTest
Tests run: 3, Failures: 0, Errors: 0, Skipped: 0, Time elapsed: 33.78 sec - in spoon.processing.CtGenerationTest
Running spoon.processing.ProcessingTest
Tests run: 2, Failures: 0, Errors: 0, Skipped: 0, Time elapsed: 0.108 sec - in spoon.processing.ProcessingTest
Running spoon.LauncherTest
Tests run: 3, Failures: 0, Errors: 0, Skipped: 0, Time elapsed: 0.134 sec - in spoon.LauncherTest
Running spoon.support.compiler.classpath.ComputeClasspathTest
Tests run: 1, Failures: 0, Errors: 0, Skipped: 0, Time elapsed: 0 sec - in spoon.support.compiler.classpath.ComputeClasspathTest
Running spoon.support.compiler.jdt.JDTBatchCompilerTest
Tests run: 1, Failures: 0, Errors: 0, Skipped: 0, Time elapsed: 0.076 sec - in spoon.support.compiler.jdt.JDTBatchCompilerTest
Running spoon.support.compiler.jdt.JDTBuilderTest
Tests run: 1, Failures: 0, Errors: 0, Skipped: 0, Time elapsed: 0 sec - in spoon.support.compiler.jdt.JDTBuilderTest
Running spoon.support.compiler.jdt.ExtendedStringLiteralTest
Tests run: 1, Failures: 0, Errors: 0, Skipped: 0, Time elapsed: 0.046 sec - in spoon.support.compiler.jdt.ExtendedStringLiteralTest
Running spoon.support.visitor.java.JavaReflectionTreeBuilderTest
Tests run: 9, Failures: 0, Errors: 0, Skipped: 0, Time elapsed: 0.048 sec - in spoon.support.visitor.java.JavaReflectionTreeBuilderTest

Results :

Failed tests: 
  CommentTest.testWildComments:882 (/root/workspace/INRIA/spoon/263026313/src/test/java/spoon/test/comment/testclasses/WildComments.java:10) expected:<[/* test single line comments with nested * and */ and **/]> but was:<[test single line comments with nested * and */ and]>
Tests in error: 
  DefaultPrettyPrinterTest.testIssue1501:305  Spoon spoon.SpoonException: Print...

Tests run: 1158, Failures: 1, Errors: 1, Skipped: 2

[INFO] ------------------------------------------------------------------------
[INFO] BUILD FAILURE
[INFO] ------------------------------------------------------------------------
[INFO] Total time: 05:00 min
[INFO] Finished at: 2018-12-10T15:17:22+01:00
[INFO] Final Memory: 36M/963M
[INFO] ------------------------------------------------------------------------
[ERROR] Failed to execute goal org.apache.maven.plugins:maven-surefire-plugin:2.19.1:test (default-test) on project spoon-core: There are test failures.
[ERROR] 
[ERROR] Please refer to /root/workspace/INRIA/spoon/263026313/target/surefire-reports for the individual test results.
[ERROR] -> [Help 1]
[ERROR] 
[ERROR] To see the full stack trace of the errors, re-run Maven with the -e switch.
[ERROR] Re-run Maven using the -X switch to enable full debug logging.
[ERROR] 
[ERROR] For more information about the errors and possible solutions, please read the following articles:
[ERROR] [Help 1] http://cwiki.apache.org/confluence/display/MAVEN/MojoFailureException
